[0.046s] DEBUG:colcon:Command line arguments: ['/usr/bin/colcon', 'build', '--symlink-install']
[0.046s] DEBUG:colcon:Parsed command line arguments: Namespace(log_base=None, log_level=None, verb_name='build', build_base='build', install_base='install', merge_install=False, symlink_install=True, test_result_base=None, continue_on_error=False, executor='parallel', parallel_workers=16, event_handlers=None, ignore_user_meta=False, metas=['./colcon.meta'], base_paths=['.'], packages_ignore=None, packages_ignore_regex=None, paths=None, packages_up_to=None, packages_up_to_regex=None, packages_above=None, packages_above_and_dependencies=None, packages_above_depth=None, packages_select_by_dep=None, packages_skip_by_dep=None, packages_skip_up_to=None, packages_select_build_failed=False, packages_skip_build_finished=False, packages_select_test_failures=False, packages_skip_test_passed=False, packages_select=None, packages_skip=None, packages_select_regex=None, packages_skip_regex=None, packages_start=None, packages_end=None, cmake_args=None, cmake_target=None, cmake_target_skip_unavailable=False, cmake_clean_cache=False, cmake_clean_first=False, cmake_force_configure=False, ament_cmake_args=None, catkin_cmake_args=None, catkin_skip_building_tests=False, mixin_files=None, mixin=None, verb_parser=<colcon_mixin.mixin.mixin_argument.MixinArgumentDecorator object at 0x7f5b64d0f5f0>, verb_extension=<colcon_core.verb.build.BuildVerb object at 0x7f5b64d0f110>, main=<bound method BuildVerb.main of <colcon_core.verb.build.BuildVerb object at 0x7f5b64d0f110>>, mixin_verb=('build',))
[0.063s] Level 1:colcon.colcon_core.package_discovery:discover_packages(colcon_meta) check parameters
[0.063s] Level 1:colcon.colcon_core.package_discovery:discover_packages(recursive) check parameters
[0.063s] Level 1:colcon.colcon_core.package_discovery:discover_packages(ignore) check parameters
[0.063s] Level 1:colcon.colcon_core.package_discovery:discover_packages(path) check parameters
[0.063s] Level 1:colcon.colcon_core.package_discovery:discover_packages(colcon_meta) discover
[0.063s] Level 1:colcon.colcon_core.package_discovery:discover_packages(recursive) discover
[0.063s] INFO:colcon.colcon_core.package_discovery:Crawling recursively for packages in '/rcdt/rcdt_robotics/rcdt_core'
[0.063s] Level 1:colcon.colcon_core.package_identification:_identify(.) by extensions ['ignore', 'ignore_ament_install']
[0.064s] Level 1:colcon.colcon_core.package_identification:_identify(.) by extension 'ignore'
[0.064s] Level 1:colcon.colcon_core.package_identification:_identify(.) by extension 'ignore_ament_install'
[0.064s] Level 1:colcon.colcon_core.package_identification:_identify(.) by extensions ['colcon_pkg']
[0.064s] Level 1:colcon.colcon_core.package_identification:_identify(.) by extension 'colcon_pkg'
[0.064s] Level 1:colcon.colcon_core.package_identification:_identify(.) by extensions ['colcon_meta']
[0.064s] Level 1:colcon.colcon_core.package_identification:_identify(.) by extension 'colcon_meta'
[0.064s] Level 1:colcon.colcon_core.package_identification:_identify(.) by extensions ['ros']
[0.064s] Level 1:colcon.colcon_core.package_identification:_identify(.) by extension 'ros'
[0.076s] Level 1:colcon.colcon_core.package_identification:_identify(.) by extensions ['cmake', 'python']
[0.076s] Level 1:colcon.colcon_core.package_identification:_identify(.) by extension 'cmake'
[0.076s] Level 1:colcon.colcon_core.package_identification:_identify(.) by extension 'python'
[0.076s] Level 1:colcon.colcon_core.package_identification:_identify(.) by extensions ['python_setup_py']
[0.076s] Level 1:colcon.colcon_core.package_identification:_identify(.) by extension 'python_setup_py'
[0.076s] Level 1:colcon.colcon_core.package_identification:_identify(build) by extensions ['ignore', 'ignore_ament_install']
[0.076s] Level 1:colcon.colcon_core.package_identification:_identify(build) by extension 'ignore'
[0.076s] Level 1:colcon.colcon_core.package_identification:_identify(build) ignored
[0.076s] Level 1:colcon.colcon_core.package_identification:_identify(install) by extensions ['ignore', 'ignore_ament_install']
[0.076s] Level 1:colcon.colcon_core.package_identification:_identify(install) by extension 'ignore'
[0.076s] Level 1:colcon.colcon_core.package_identification:_identify(install) ignored
[0.077s] Level 1:colcon.colcon_core.package_identification:_identify(log) by extensions ['ignore', 'ignore_ament_install']
[0.077s] Level 1:colcon.colcon_core.package_identification:_identify(log) by extension 'ignore'
[0.077s] Level 1:colcon.colcon_core.package_identification:_identify(log) ignored
[0.077s] Level 1:colcon.colcon_core.package_identification:_identify(src) by extensions ['ignore', 'ignore_ament_install']
[0.077s] Level 1:colcon.colcon_core.package_identification:_identify(src) by extension 'ignore'
[0.077s] Level 1:colcon.colcon_core.package_identification:_identify(src) by extension 'ignore_ament_install'
[0.077s] Level 1:colcon.colcon_core.package_identification:_identify(src) by extensions ['colcon_pkg']
[0.077s] Level 1:colcon.colcon_core.package_identification:_identify(src) by extension 'colcon_pkg'
[0.077s] Level 1:colcon.colcon_core.package_identification:_identify(src) by extensions ['colcon_meta']
[0.077s] Level 1:colcon.colcon_core.package_identification:_identify(src) by extension 'colcon_meta'
[0.077s] Level 1:colcon.colcon_core.package_identification:_identify(src) by extensions ['ros']
[0.077s] Level 1:colcon.colcon_core.package_identification:_identify(src) by extension 'ros'
[0.077s] Level 1:colcon.colcon_core.package_identification:_identify(src) by extensions ['cmake', 'python']
[0.077s] Level 1:colcon.colcon_core.package_identification:_identify(src) by extension 'cmake'
[0.077s] Level 1:colcon.colcon_core.package_identification:_identify(src) by extension 'python'
[0.077s] Level 1:colcon.colcon_core.package_identification:_identify(src) by extensions ['python_setup_py']
[0.077s] Level 1:colcon.colcon_core.package_identification:_identify(src) by extension 'python_setup_py'
[0.077s] Level 1:colcon.colcon_core.package_identification:_identify(src/rcdt_launch) by extensions ['ignore', 'ignore_ament_install']
[0.077s] Level 1:colcon.colcon_core.package_identification:_identify(src/rcdt_launch) by extension 'ignore'
[0.077s] Level 1:colcon.colcon_core.package_identification:_identify(src/rcdt_launch) by extension 'ignore_ament_install'
[0.077s] Level 1:colcon.colcon_core.package_identification:_identify(src/rcdt_launch) by extensions ['colcon_pkg']
[0.077s] Level 1:colcon.colcon_core.package_identification:_identify(src/rcdt_launch) by extension 'colcon_pkg'
[0.077s] Level 1:colcon.colcon_core.package_identification:_identify(src/rcdt_launch) by extensions ['colcon_meta']
[0.077s] Level 1:colcon.colcon_core.package_identification:_identify(src/rcdt_launch) by extension 'colcon_meta'
[0.077s] Level 1:colcon.colcon_core.package_identification:_identify(src/rcdt_launch) by extensions ['ros']
[0.077s] Level 1:colcon.colcon_core.package_identification:_identify(src/rcdt_launch) by extension 'ros'
[0.078s] DEBUG:colcon.colcon_core.package_identification:Package 'src/rcdt_launch' with type 'ros.ament_cmake' and name 'rcdt_launch'
[0.078s] Level 1:colcon.colcon_core.package_identification:_identify(src/rcdt_messages) by extensions ['ignore', 'ignore_ament_install']
[0.078s] Level 1:colcon.colcon_core.package_identification:_identify(src/rcdt_messages) by extension 'ignore'
[0.078s] Level 1:colcon.colcon_core.package_identification:_identify(src/rcdt_messages) by extension 'ignore_ament_install'
[0.078s] Level 1:colcon.colcon_core.package_identification:_identify(src/rcdt_messages) by extensions ['colcon_pkg']
[0.078s] Level 1:colcon.colcon_core.package_identification:_identify(src/rcdt_messages) by extension 'colcon_pkg'
[0.078s] Level 1:colcon.colcon_core.package_identification:_identify(src/rcdt_messages) by extensions ['colcon_meta']
[0.078s] Level 1:colcon.colcon_core.package_identification:_identify(src/rcdt_messages) by extension 'colcon_meta'
[0.078s] Level 1:colcon.colcon_core.package_identification:_identify(src/rcdt_messages) by extensions ['ros']
[0.078s] Level 1:colcon.colcon_core.package_identification:_identify(src/rcdt_messages) by extension 'ros'
[0.078s] DEBUG:colcon.colcon_core.package_identification:Package 'src/rcdt_messages' with type 'ros.ament_cmake' and name 'rcdt_messages'
[0.078s] Level 1:colcon.colcon_core.package_identification:_identify(src/rcdt_utilities) by extensions ['ignore', 'ignore_ament_install']
[0.079s] Level 1:colcon.colcon_core.package_identification:_identify(src/rcdt_utilities) by extension 'ignore'
[0.079s] Level 1:colcon.colcon_core.package_identification:_identify(src/rcdt_utilities) by extension 'ignore_ament_install'
[0.079s] Level 1:colcon.colcon_core.package_identification:_identify(src/rcdt_utilities) by extensions ['colcon_pkg']
[0.079s] Level 1:colcon.colcon_core.package_identification:_identify(src/rcdt_utilities) by extension 'colcon_pkg'
[0.079s] Level 1:colcon.colcon_core.package_identification:_identify(src/rcdt_utilities) by extensions ['colcon_meta']
[0.079s] Level 1:colcon.colcon_core.package_identification:_identify(src/rcdt_utilities) by extension 'colcon_meta'
[0.079s] Level 1:colcon.colcon_core.package_identification:_identify(src/rcdt_utilities) by extensions ['ros']
[0.079s] Level 1:colcon.colcon_core.package_identification:_identify(src/rcdt_utilities) by extension 'ros'
[0.079s] DEBUG:colcon.colcon_core.package_identification:Package 'src/rcdt_utilities' with type 'ros.ament_cmake' and name 'rcdt_utilities'
[0.079s] Level 1:colcon.colcon_core.package_discovery:discover_packages(recursive) using defaults
[0.079s] Level 1:colcon.colcon_core.package_discovery:discover_packages(ignore) discover
[0.079s] Level 1:colcon.colcon_core.package_discovery:discover_packages(ignore) using defaults
[0.079s] Level 1:colcon.colcon_core.package_discovery:discover_packages(path) discover
[0.079s] Level 1:colcon.colcon_core.package_discovery:discover_packages(path) using defaults
[0.087s] Level 5:colcon.colcon_core.verb:set package 'rcdt_launch' build argument 'cmake_args' from command line to 'None'
[0.087s] Level 5:colcon.colcon_core.verb:set package 'rcdt_launch' build argument 'cmake_target' from command line to 'None'
[0.087s] Level 5:colcon.colcon_core.verb:set package 'rcdt_launch' build argument 'cmake_target_skip_unavailable' from command line to 'False'
[0.087s] Level 5:colcon.colcon_core.verb:set package 'rcdt_launch' build argument 'cmake_clean_cache' from command line to 'False'
[0.087s] Level 5:colcon.colcon_core.verb:set package 'rcdt_launch' build argument 'cmake_clean_first' from command line to 'False'
[0.087s] Level 5:colcon.colcon_core.verb:set package 'rcdt_launch' build argument 'cmake_force_configure' from command line to 'False'
[0.087s] Level 5:colcon.colcon_core.verb:set package 'rcdt_launch' build argument 'ament_cmake_args' from command line to 'None'
[0.087s] Level 5:colcon.colcon_core.verb:set package 'rcdt_launch' build argument 'catkin_cmake_args' from command line to 'None'
[0.087s] Level 5:colcon.colcon_core.verb:set package 'rcdt_launch' build argument 'catkin_skip_building_tests' from command line to 'False'
[0.087s] DEBUG:colcon.colcon_core.verb:Building package 'rcdt_launch' with the following arguments: {'ament_cmake_args': None, 'build_base': '/rcdt/rcdt_robotics/rcdt_core/build/rcdt_launch', 'catkin_cmake_args': None, 'catkin_skip_building_tests': False, 'cmake_args': None, 'cmake_clean_cache': False, 'cmake_clean_first': False, 'cmake_force_configure': False, 'cmake_target': None, 'cmake_target_skip_unavailable': False, 'install_base': '/rcdt/rcdt_robotics/rcdt_core/install/rcdt_launch', 'merge_install': False, 'path': '/rcdt/rcdt_robotics/rcdt_core/src/rcdt_launch', 'symlink_install': True, 'test_result_base': None}
[0.087s] Level 5:colcon.colcon_core.verb:set package 'rcdt_messages' build argument 'cmake_args' from command line to 'None'
[0.087s] Level 5:colcon.colcon_core.verb:set package 'rcdt_messages' build argument 'cmake_target' from command line to 'None'
[0.087s] Level 5:colcon.colcon_core.verb:set package 'rcdt_messages' build argument 'cmake_target_skip_unavailable' from command line to 'False'
[0.087s] Level 5:colcon.colcon_core.verb:set package 'rcdt_messages' build argument 'cmake_clean_cache' from command line to 'False'
[0.087s] Level 5:colcon.colcon_core.verb:set package 'rcdt_messages' build argument 'cmake_clean_first' from command line to 'False'
[0.087s] Level 5:colcon.colcon_core.verb:set package 'rcdt_messages' build argument 'cmake_force_configure' from command line to 'False'
[0.087s] Level 5:colcon.colcon_core.verb:set package 'rcdt_messages' build argument 'ament_cmake_args' from command line to 'None'
[0.087s] Level 5:colcon.colcon_core.verb:set package 'rcdt_messages' build argument 'catkin_cmake_args' from command line to 'None'
[0.087s] Level 5:colcon.colcon_core.verb:set package 'rcdt_messages' build argument 'catkin_skip_building_tests' from command line to 'False'
[0.087s] DEBUG:colcon.colcon_core.verb:Building package 'rcdt_messages' with the following arguments: {'ament_cmake_args': None, 'build_base': '/rcdt/rcdt_robotics/rcdt_core/build/rcdt_messages', 'catkin_cmake_args': None, 'catkin_skip_building_tests': False, 'cmake_args': None, 'cmake_clean_cache': False, 'cmake_clean_first': False, 'cmake_force_configure': False, 'cmake_target': None, 'cmake_target_skip_unavailable': False, 'install_base': '/rcdt/rcdt_robotics/rcdt_core/install/rcdt_messages', 'merge_install': False, 'path': '/rcdt/rcdt_robotics/rcdt_core/src/rcdt_messages', 'symlink_install': True, 'test_result_base': None}
[0.087s] Level 5:colcon.colcon_core.verb:set package 'rcdt_utilities' build argument 'cmake_args' from command line to 'None'
[0.087s] Level 5:colcon.colcon_core.verb:set package 'rcdt_utilities' build argument 'cmake_target' from command line to 'None'
[0.087s] Level 5:colcon.colcon_core.verb:set package 'rcdt_utilities' build argument 'cmake_target_skip_unavailable' from command line to 'False'
[0.087s] Level 5:colcon.colcon_core.verb:set package 'rcdt_utilities' build argument 'cmake_clean_cache' from command line to 'False'
[0.087s] Level 5:colcon.colcon_core.verb:set package 'rcdt_utilities' build argument 'cmake_clean_first' from command line to 'False'
[0.087s] Level 5:colcon.colcon_core.verb:set package 'rcdt_utilities' build argument 'cmake_force_configure' from command line to 'False'
[0.087s] Level 5:colcon.colcon_core.verb:set package 'rcdt_utilities' build argument 'ament_cmake_args' from command line to 'None'
[0.087s] Level 5:colcon.colcon_core.verb:set package 'rcdt_utilities' build argument 'catkin_cmake_args' from command line to 'None'
[0.087s] Level 5:colcon.colcon_core.verb:set package 'rcdt_utilities' build argument 'catkin_skip_building_tests' from command line to 'False'
[0.087s] DEBUG:colcon.colcon_core.verb:Building package 'rcdt_utilities' with the following arguments: {'ament_cmake_args': None, 'build_base': '/rcdt/rcdt_robotics/rcdt_core/build/rcdt_utilities', 'catkin_cmake_args': None, 'catkin_skip_building_tests': False, 'cmake_args': None, 'cmake_clean_cache': False, 'cmake_clean_first': False, 'cmake_force_configure': False, 'cmake_target': None, 'cmake_target_skip_unavailable': False, 'install_base': '/rcdt/rcdt_robotics/rcdt_core/install/rcdt_utilities', 'merge_install': False, 'path': '/rcdt/rcdt_robotics/rcdt_core/src/rcdt_utilities', 'symlink_install': True, 'test_result_base': None}
[0.087s] INFO:colcon.colcon_core.executor:Executing jobs using 'parallel' executor
[0.088s] DEBUG:colcon.colcon_parallel_executor.executor.parallel:run_until_complete
[0.089s] INFO:colcon.colcon_ros.task.ament_cmake.build:Building ROS package in '/rcdt/rcdt_robotics/rcdt_core/src/rcdt_messages' with build type 'ament_cmake'
[0.089s] INFO:colcon.colcon_cmake.task.cmake.build:Building CMake package in '/rcdt/rcdt_robotics/rcdt_core/src/rcdt_messages'
[0.090s] INFO:colcon.colcon_core.plugin_system:Skipping extension 'colcon_core.shell.bat': Not used on non-Windows systems
[0.090s] INFO:colcon.colcon_core.shell:Skip shell extension 'powershell' for command environment: Not usable outside of PowerShell
[0.090s] DEBUG:colcon.colcon_core.shell:Skip shell extension 'dsv' for command environment
[0.092s] INFO:colcon.colcon_ros.task.ament_cmake.build:Building ROS package in '/rcdt/rcdt_robotics/rcdt_core/src/rcdt_launch' with build type 'ament_cmake'
[0.092s] INFO:colcon.colcon_cmake.task.cmake.build:Building CMake package in '/rcdt/rcdt_robotics/rcdt_core/src/rcdt_launch'
[0.092s] INFO:colcon.colcon_core.shell:Skip shell extension 'powershell' for command environment: Not usable outside of PowerShell
[0.092s] DEBUG:colcon.colcon_core.shell:Skip shell extension 'dsv' for command environment
[0.095s] DEBUG:colcon.colcon_core.event_handler.log_command:Invoking command in '/rcdt/rcdt_robotics/rcdt_core/build/rcdt_messages': CMAKE_PREFIX_PATH=${CMAKE_PREFIX_PATH}:/opt/ros/jazzy /usr/bin/cmake --build /rcdt/rcdt_robotics/rcdt_core/build/rcdt_messages -- -j16 -l16
[0.097s] DEBUG:colcon.colcon_core.event_handler.log_command:Invoking command in '/rcdt/rcdt_robotics/rcdt_core/build/rcdt_launch': CMAKE_PREFIX_PATH=${CMAKE_PREFIX_PATH}:/opt/ros/jazzy /usr/bin/cmake --build /rcdt/rcdt_robotics/rcdt_core/build/rcdt_launch -- -j16 -l16
[0.255s] DEBUG:colcon.colcon_core.event_handler.log_command:Invoked command in '/rcdt/rcdt_robotics/rcdt_core/build/rcdt_launch' returned '0': CMAKE_PREFIX_PATH=${CMAKE_PREFIX_PATH}:/opt/ros/jazzy /usr/bin/cmake --build /rcdt/rcdt_robotics/rcdt_core/build/rcdt_launch -- -j16 -l16
[0.259s] DEBUG:colcon.colcon_core.event_handler.log_command:Invoking command in '/rcdt/rcdt_robotics/rcdt_core/build/rcdt_launch': CMAKE_PREFIX_PATH=${CMAKE_PREFIX_PATH}:/opt/ros/jazzy /usr/bin/cmake --install /rcdt/rcdt_robotics/rcdt_core/build/rcdt_launch
[0.290s] Level 1:colcon.colcon_core.environment:create_environment_scripts_only(rcdt_launch)
[0.290s] DEBUG:colcon.colcon_core.event_handler.log_command:Invoked command in '/rcdt/rcdt_robotics/rcdt_core/build/rcdt_launch' returned '0': CMAKE_PREFIX_PATH=${CMAKE_PREFIX_PATH}:/opt/ros/jazzy /usr/bin/cmake --install /rcdt/rcdt_robotics/rcdt_core/build/rcdt_launch
[0.293s] Level 1:colcon.colcon_core.environment:checking '/rcdt/rcdt_robotics/rcdt_core/install/rcdt_launch' for CMake module files
[0.293s] Level 1:colcon.colcon_core.environment:checking '/rcdt/rcdt_robotics/rcdt_core/install/rcdt_launch' for CMake config files
[0.293s] Level 1:colcon.colcon_core.shell:create_environment_hook('rcdt_launch', 'cmake_prefix_path')
[0.293s] INFO:colcon.colcon_core.shell:Creating environment hook '/rcdt/rcdt_robotics/rcdt_core/install/rcdt_launch/share/rcdt_launch/hook/cmake_prefix_path.ps1'
[0.294s] INFO:colcon.colcon_core.shell:Creating environment descriptor '/rcdt/rcdt_robotics/rcdt_core/install/rcdt_launch/share/rcdt_launch/hook/cmake_prefix_path.dsv'
[0.294s] INFO:colcon.colcon_core.shell:Creating environment hook '/rcdt/rcdt_robotics/rcdt_core/install/rcdt_launch/share/rcdt_launch/hook/cmake_prefix_path.sh'
[0.295s] Level 1:colcon.colcon_core.environment:checking '/rcdt/rcdt_robotics/rcdt_core/install/rcdt_launch/lib'
[0.295s] Level 1:colcon.colcon_core.environment:checking '/rcdt/rcdt_robotics/rcdt_core/install/rcdt_launch/bin'
[0.295s] Level 1:colcon.colcon_core.environment:checking '/rcdt/rcdt_robotics/rcdt_core/install/rcdt_launch/lib/pkgconfig/rcdt_launch.pc'
[0.296s] Level 1:colcon.colcon_core.environment:checking '/rcdt/rcdt_robotics/rcdt_core/install/rcdt_launch/lib/python3.12/site-packages'
[0.296s] Level 1:colcon.colcon_core.shell:create_environment_hook('rcdt_launch', 'pythonpath')
[0.296s] INFO:colcon.colcon_core.shell:Creating environment hook '/rcdt/rcdt_robotics/rcdt_core/install/rcdt_launch/share/rcdt_launch/hook/pythonpath.ps1'
[0.296s] INFO:colcon.colcon_core.shell:Creating environment descriptor '/rcdt/rcdt_robotics/rcdt_core/install/rcdt_launch/share/rcdt_launch/hook/pythonpath.dsv'
[0.297s] INFO:colcon.colcon_core.shell:Creating environment hook '/rcdt/rcdt_robotics/rcdt_core/install/rcdt_launch/share/rcdt_launch/hook/pythonpath.sh'
[0.297s] Level 1:colcon.colcon_core.environment:checking '/rcdt/rcdt_robotics/rcdt_core/install/rcdt_launch/bin'
[0.297s] INFO:colcon.colcon_core.shell:Creating package script '/rcdt/rcdt_robotics/rcdt_core/install/rcdt_launch/share/rcdt_launch/package.ps1'
[0.298s] INFO:colcon.colcon_core.shell:Creating package descriptor '/rcdt/rcdt_robotics/rcdt_core/install/rcdt_launch/share/rcdt_launch/package.dsv'
[0.298s] INFO:colcon.colcon_core.shell:Creating package script '/rcdt/rcdt_robotics/rcdt_core/install/rcdt_launch/share/rcdt_launch/package.sh'
[0.298s] INFO:colcon.colcon_core.shell:Creating package script '/rcdt/rcdt_robotics/rcdt_core/install/rcdt_launch/share/rcdt_launch/package.bash'
[0.299s] INFO:colcon.colcon_core.shell:Creating package script '/rcdt/rcdt_robotics/rcdt_core/install/rcdt_launch/share/rcdt_launch/package.zsh'
[0.299s] Level 1:colcon.colcon_core.environment:create_file_with_runtime_dependencies(/rcdt/rcdt_robotics/rcdt_core/install/rcdt_launch/share/colcon-core/packages/rcdt_launch)
[0.299s] Level 1:colcon.colcon_core.environment:create_environment_scripts_only(rcdt_launch)
[0.299s] Level 1:colcon.colcon_core.environment:checking '/rcdt/rcdt_robotics/rcdt_core/install/rcdt_launch' for CMake module files
[0.300s] Level 1:colcon.colcon_core.environment:checking '/rcdt/rcdt_robotics/rcdt_core/install/rcdt_launch' for CMake config files
[0.300s] Level 1:colcon.colcon_core.shell:create_environment_hook('rcdt_launch', 'cmake_prefix_path')
[0.300s] INFO:colcon.colcon_core.shell:Creating environment hook '/rcdt/rcdt_robotics/rcdt_core/install/rcdt_launch/share/rcdt_launch/hook/cmake_prefix_path.ps1'
[0.300s] INFO:colcon.colcon_core.shell:Creating environment descriptor '/rcdt/rcdt_robotics/rcdt_core/install/rcdt_launch/share/rcdt_launch/hook/cmake_prefix_path.dsv'
[0.300s] INFO:colcon.colcon_core.shell:Creating environment hook '/rcdt/rcdt_robotics/rcdt_core/install/rcdt_launch/share/rcdt_launch/hook/cmake_prefix_path.sh'
[0.300s] Level 1:colcon.colcon_core.environment:checking '/rcdt/rcdt_robotics/rcdt_core/install/rcdt_launch/lib'
[0.300s] Level 1:colcon.colcon_core.environment:checking '/rcdt/rcdt_robotics/rcdt_core/install/rcdt_launch/bin'
[0.301s] Level 1:colcon.colcon_core.environment:checking '/rcdt/rcdt_robotics/rcdt_core/install/rcdt_launch/lib/pkgconfig/rcdt_launch.pc'
[0.301s] Level 1:colcon.colcon_core.environment:checking '/rcdt/rcdt_robotics/rcdt_core/install/rcdt_launch/lib/python3.12/site-packages'
[0.301s] Level 1:colcon.colcon_core.shell:create_environment_hook('rcdt_launch', 'pythonpath')
[0.301s] INFO:colcon.colcon_core.shell:Creating environment hook '/rcdt/rcdt_robotics/rcdt_core/install/rcdt_launch/share/rcdt_launch/hook/pythonpath.ps1'
[0.301s] INFO:colcon.colcon_core.shell:Creating environment descriptor '/rcdt/rcdt_robotics/rcdt_core/install/rcdt_launch/share/rcdt_launch/hook/pythonpath.dsv'
[0.301s] INFO:colcon.colcon_core.shell:Creating environment hook '/rcdt/rcdt_robotics/rcdt_core/install/rcdt_launch/share/rcdt_launch/hook/pythonpath.sh'
[0.302s] Level 1:colcon.colcon_core.environment:checking '/rcdt/rcdt_robotics/rcdt_core/install/rcdt_launch/bin'
[0.302s] INFO:colcon.colcon_core.shell:Creating package script '/rcdt/rcdt_robotics/rcdt_core/install/rcdt_launch/share/rcdt_launch/package.ps1'
[0.302s] INFO:colcon.colcon_core.shell:Creating package descriptor '/rcdt/rcdt_robotics/rcdt_core/install/rcdt_launch/share/rcdt_launch/package.dsv'
[0.302s] INFO:colcon.colcon_core.shell:Creating package script '/rcdt/rcdt_robotics/rcdt_core/install/rcdt_launch/share/rcdt_launch/package.sh'
[0.302s] INFO:colcon.colcon_core.shell:Creating package script '/rcdt/rcdt_robotics/rcdt_core/install/rcdt_launch/share/rcdt_launch/package.bash'
[0.303s] INFO:colcon.colcon_core.shell:Creating package script '/rcdt/rcdt_robotics/rcdt_core/install/rcdt_launch/share/rcdt_launch/package.zsh'
[0.303s] Level 1:colcon.colcon_core.environment:create_file_with_runtime_dependencies(/rcdt/rcdt_robotics/rcdt_core/install/rcdt_launch/share/colcon-core/packages/rcdt_launch)
[7.322s] DEBUG:colcon.colcon_core.event_handler.log_command:Invoked command in '/rcdt/rcdt_robotics/rcdt_core/build/rcdt_messages' returned '0': CMAKE_PREFIX_PATH=${CMAKE_PREFIX_PATH}:/opt/ros/jazzy /usr/bin/cmake --build /rcdt/rcdt_robotics/rcdt_core/build/rcdt_messages -- -j16 -l16
[7.323s] DEBUG:colcon.colcon_core.event_handler.log_command:Invoking command in '/rcdt/rcdt_robotics/rcdt_core/build/rcdt_messages': CMAKE_PREFIX_PATH=${CMAKE_PREFIX_PATH}:/opt/ros/jazzy /usr/bin/cmake --install /rcdt/rcdt_robotics/rcdt_core/build/rcdt_messages
[9.003s] Level 1:colcon.colcon_core.environment:create_environment_scripts_only(rcdt_messages)
[9.003s] Level 1:colcon.colcon_core.environment:checking '/rcdt/rcdt_robotics/rcdt_core/install/rcdt_messages' for CMake module files
[9.004s] DEBUG:colcon.colcon_core.event_handler.log_command:Invoked command in '/rcdt/rcdt_robotics/rcdt_core/build/rcdt_messages' returned '0': CMAKE_PREFIX_PATH=${CMAKE_PREFIX_PATH}:/opt/ros/jazzy /usr/bin/cmake --install /rcdt/rcdt_robotics/rcdt_core/build/rcdt_messages
[9.004s] Level 1:colcon.colcon_core.environment:checking '/rcdt/rcdt_robotics/rcdt_core/install/rcdt_messages' for CMake config files
[9.004s] Level 1:colcon.colcon_core.shell:create_environment_hook('rcdt_messages', 'cmake_prefix_path')
[9.005s] INFO:colcon.colcon_core.shell:Creating environment hook '/rcdt/rcdt_robotics/rcdt_core/install/rcdt_messages/share/rcdt_messages/hook/cmake_prefix_path.ps1'
[9.005s] INFO:colcon.colcon_core.shell:Creating environment descriptor '/rcdt/rcdt_robotics/rcdt_core/install/rcdt_messages/share/rcdt_messages/hook/cmake_prefix_path.dsv'
[9.005s] INFO:colcon.colcon_core.shell:Creating environment hook '/rcdt/rcdt_robotics/rcdt_core/install/rcdt_messages/share/rcdt_messages/hook/cmake_prefix_path.sh'
[9.005s] Level 1:colcon.colcon_core.environment:checking '/rcdt/rcdt_robotics/rcdt_core/install/rcdt_messages/lib'
[9.005s] Level 1:colcon.colcon_core.shell:create_environment_hook('rcdt_messages', 'ld_library_path_lib')
[9.005s] INFO:colcon.colcon_core.shell:Creating environment hook '/rcdt/rcdt_robotics/rcdt_core/install/rcdt_messages/share/rcdt_messages/hook/ld_library_path_lib.ps1'
[9.005s] INFO:colcon.colcon_core.shell:Creating environment descriptor '/rcdt/rcdt_robotics/rcdt_core/install/rcdt_messages/share/rcdt_messages/hook/ld_library_path_lib.dsv'
[9.005s] INFO:colcon.colcon_core.shell:Creating environment hook '/rcdt/rcdt_robotics/rcdt_core/install/rcdt_messages/share/rcdt_messages/hook/ld_library_path_lib.sh'
[9.006s] Level 1:colcon.colcon_core.environment:checking '/rcdt/rcdt_robotics/rcdt_core/install/rcdt_messages/bin'
[9.006s] Level 1:colcon.colcon_core.environment:checking '/rcdt/rcdt_robotics/rcdt_core/install/rcdt_messages/lib/pkgconfig/rcdt_messages.pc'
[9.006s] Level 1:colcon.colcon_core.environment:checking '/rcdt/rcdt_robotics/rcdt_core/install/rcdt_messages/lib/python3.12/site-packages'
[9.006s] Level 1:colcon.colcon_core.shell:create_environment_hook('rcdt_messages', 'pythonpath')
[9.006s] INFO:colcon.colcon_core.shell:Creating environment hook '/rcdt/rcdt_robotics/rcdt_core/install/rcdt_messages/share/rcdt_messages/hook/pythonpath.ps1'
[9.006s] INFO:colcon.colcon_core.shell:Creating environment descriptor '/rcdt/rcdt_robotics/rcdt_core/install/rcdt_messages/share/rcdt_messages/hook/pythonpath.dsv'
[9.006s] INFO:colcon.colcon_core.shell:Creating environment hook '/rcdt/rcdt_robotics/rcdt_core/install/rcdt_messages/share/rcdt_messages/hook/pythonpath.sh'
[9.006s] Level 1:colcon.colcon_core.environment:checking '/rcdt/rcdt_robotics/rcdt_core/install/rcdt_messages/bin'
[9.006s] INFO:colcon.colcon_core.shell:Creating package script '/rcdt/rcdt_robotics/rcdt_core/install/rcdt_messages/share/rcdt_messages/package.ps1'
[9.007s] INFO:colcon.colcon_core.shell:Creating package descriptor '/rcdt/rcdt_robotics/rcdt_core/install/rcdt_messages/share/rcdt_messages/package.dsv'
[9.007s] INFO:colcon.colcon_core.shell:Creating package script '/rcdt/rcdt_robotics/rcdt_core/install/rcdt_messages/share/rcdt_messages/package.sh'
[9.007s] INFO:colcon.colcon_core.shell:Creating package script '/rcdt/rcdt_robotics/rcdt_core/install/rcdt_messages/share/rcdt_messages/package.bash'
[9.007s] INFO:colcon.colcon_core.shell:Creating package script '/rcdt/rcdt_robotics/rcdt_core/install/rcdt_messages/share/rcdt_messages/package.zsh'
[9.007s] Level 1:colcon.colcon_core.environment:create_file_with_runtime_dependencies(/rcdt/rcdt_robotics/rcdt_core/install/rcdt_messages/share/colcon-core/packages/rcdt_messages)
[9.008s] Level 1:colcon.colcon_core.environment:create_environment_scripts_only(rcdt_messages)
[9.008s] Level 1:colcon.colcon_core.environment:checking '/rcdt/rcdt_robotics/rcdt_core/install/rcdt_messages' for CMake module files
[9.008s] Level 1:colcon.colcon_core.environment:checking '/rcdt/rcdt_robotics/rcdt_core/install/rcdt_messages' for CMake config files
[9.008s] Level 1:colcon.colcon_core.shell:create_environment_hook('rcdt_messages', 'cmake_prefix_path')
[9.008s] INFO:colcon.colcon_core.shell:Creating environment hook '/rcdt/rcdt_robotics/rcdt_core/install/rcdt_messages/share/rcdt_messages/hook/cmake_prefix_path.ps1'
[9.009s] INFO:colcon.colcon_core.shell:Creating environment descriptor '/rcdt/rcdt_robotics/rcdt_core/install/rcdt_messages/share/rcdt_messages/hook/cmake_prefix_path.dsv'
[9.009s] INFO:colcon.colcon_core.shell:Creating environment hook '/rcdt/rcdt_robotics/rcdt_core/install/rcdt_messages/share/rcdt_messages/hook/cmake_prefix_path.sh'
[9.009s] Level 1:colcon.colcon_core.environment:checking '/rcdt/rcdt_robotics/rcdt_core/install/rcdt_messages/lib'
[9.009s] Level 1:colcon.colcon_core.shell:create_environment_hook('rcdt_messages', 'ld_library_path_lib')
[9.009s] INFO:colcon.colcon_core.shell:Creating environment hook '/rcdt/rcdt_robotics/rcdt_core/install/rcdt_messages/share/rcdt_messages/hook/ld_library_path_lib.ps1'
[9.009s] INFO:colcon.colcon_core.shell:Creating environment descriptor '/rcdt/rcdt_robotics/rcdt_core/install/rcdt_messages/share/rcdt_messages/hook/ld_library_path_lib.dsv'
[9.009s] INFO:colcon.colcon_core.shell:Creating environment hook '/rcdt/rcdt_robotics/rcdt_core/install/rcdt_messages/share/rcdt_messages/hook/ld_library_path_lib.sh'
[9.010s] Level 1:colcon.colcon_core.environment:checking '/rcdt/rcdt_robotics/rcdt_core/install/rcdt_messages/bin'
[9.010s] Level 1:colcon.colcon_core.environment:checking '/rcdt/rcdt_robotics/rcdt_core/install/rcdt_messages/lib/pkgconfig/rcdt_messages.pc'
[9.010s] Level 1:colcon.colcon_core.environment:checking '/rcdt/rcdt_robotics/rcdt_core/install/rcdt_messages/lib/python3.12/site-packages'
[9.010s] Level 1:colcon.colcon_core.shell:create_environment_hook('rcdt_messages', 'pythonpath')
[9.010s] INFO:colcon.colcon_core.shell:Creating environment hook '/rcdt/rcdt_robotics/rcdt_core/install/rcdt_messages/share/rcdt_messages/hook/pythonpath.ps1'
[9.010s] INFO:colcon.colcon_core.shell:Creating environment descriptor '/rcdt/rcdt_robotics/rcdt_core/install/rcdt_messages/share/rcdt_messages/hook/pythonpath.dsv'
[9.010s] INFO:colcon.colcon_core.shell:Creating environment hook '/rcdt/rcdt_robotics/rcdt_core/install/rcdt_messages/share/rcdt_messages/hook/pythonpath.sh'
[9.010s] Level 1:colcon.colcon_core.environment:checking '/rcdt/rcdt_robotics/rcdt_core/install/rcdt_messages/bin'
[9.010s] INFO:colcon.colcon_core.shell:Creating package script '/rcdt/rcdt_robotics/rcdt_core/install/rcdt_messages/share/rcdt_messages/package.ps1'
[9.011s] INFO:colcon.colcon_core.shell:Creating package descriptor '/rcdt/rcdt_robotics/rcdt_core/install/rcdt_messages/share/rcdt_messages/package.dsv'
[9.011s] INFO:colcon.colcon_core.shell:Creating package script '/rcdt/rcdt_robotics/rcdt_core/install/rcdt_messages/share/rcdt_messages/package.sh'
[9.011s] INFO:colcon.colcon_core.shell:Creating package script '/rcdt/rcdt_robotics/rcdt_core/install/rcdt_messages/share/rcdt_messages/package.bash'
[9.011s] INFO:colcon.colcon_core.shell:Creating package script '/rcdt/rcdt_robotics/rcdt_core/install/rcdt_messages/share/rcdt_messages/package.zsh'
[9.011s] Level 1:colcon.colcon_core.environment:create_file_with_runtime_dependencies(/rcdt/rcdt_robotics/rcdt_core/install/rcdt_messages/share/colcon-core/packages/rcdt_messages)
[9.011s] INFO:colcon.colcon_ros.task.ament_cmake.build:Building ROS package in '/rcdt/rcdt_robotics/rcdt_core/src/rcdt_utilities' with build type 'ament_cmake'
[9.011s] INFO:colcon.colcon_cmake.task.cmake.build:Building CMake package in '/rcdt/rcdt_robotics/rcdt_core/src/rcdt_utilities'
[9.012s] INFO:colcon.colcon_core.shell:Skip shell extension 'powershell' for command environment: Not usable outside of PowerShell
[9.012s] DEBUG:colcon.colcon_core.shell:Skip shell extension 'dsv' for command environment
[9.017s] DEBUG:colcon.colcon_core.event_handler.log_command:Invoking command in '/rcdt/rcdt_robotics/rcdt_core/build/rcdt_utilities': AMENT_PREFIX_PATH=/rcdt/rcdt_robotics/rcdt_core/install/rcdt_messages:${AMENT_PREFIX_PATH} CMAKE_PREFIX_PATH=/rcdt/rcdt_robotics/rcdt_core/install/rcdt_messages:/rcdt/vizanti_ws/install/vizanti:/rcdt/vizanti_ws/install/vizanti_server:/rcdt/vizanti_ws/install/vizanti_demos:/rcdt/vizanti_ws/install/vizanti_msgs:/rcdt/vizanti_ws/install/vizanti_cpp:/rcdt/vizanti_ws/install/rws:/opt/ros/jazzy/opt/gz_math_vendor:/opt/ros/jazzy/opt/gz_utils_vendor:/opt/ros/jazzy/opt/gz_cmake_vendor:/opt/ros/jazzy LD_LIBRARY_PATH=/rcdt/rcdt_robotics/rcdt_core/install/rcdt_messages/lib:${LD_LIBRARY_PATH} PYTHONPATH=/rcdt/rcdt_robotics/rcdt_core/install/rcdt_messages/lib/python3.12/site-packages:/rcdt/vizanti_ws/install/vizanti_msgs/lib/python3.12/site-packages:/opt/ros/jazzy/lib/python3.12/site-packages:/rcdt/rcdt_robotics/.venv/lib/python3.12/site-packages /usr/bin/cmake /rcdt/rcdt_robotics/rcdt_core/src/rcdt_utilities -DAMENT_CMAKE_SYMLINK_INSTALL=1 -DCMAKE_INSTALL_PREFIX=/rcdt/rcdt_robotics/rcdt_core/install/rcdt_utilities
[9.798s] DEBUG:colcon.colcon_core.event_handler.log_command:Invoked command in '/rcdt/rcdt_robotics/rcdt_core/build/rcdt_utilities' returned '0': AMENT_PREFIX_PATH=/rcdt/rcdt_robotics/rcdt_core/install/rcdt_messages:${AMENT_PREFIX_PATH} CMAKE_PREFIX_PATH=/rcdt/rcdt_robotics/rcdt_core/install/rcdt_messages:/rcdt/vizanti_ws/install/vizanti:/rcdt/vizanti_ws/install/vizanti_server:/rcdt/vizanti_ws/install/vizanti_demos:/rcdt/vizanti_ws/install/vizanti_msgs:/rcdt/vizanti_ws/install/vizanti_cpp:/rcdt/vizanti_ws/install/rws:/opt/ros/jazzy/opt/gz_math_vendor:/opt/ros/jazzy/opt/gz_utils_vendor:/opt/ros/jazzy/opt/gz_cmake_vendor:/opt/ros/jazzy LD_LIBRARY_PATH=/rcdt/rcdt_robotics/rcdt_core/install/rcdt_messages/lib:${LD_LIBRARY_PATH} PYTHONPATH=/rcdt/rcdt_robotics/rcdt_core/install/rcdt_messages/lib/python3.12/site-packages:/rcdt/vizanti_ws/install/vizanti_msgs/lib/python3.12/site-packages:/opt/ros/jazzy/lib/python3.12/site-packages:/rcdt/rcdt_robotics/.venv/lib/python3.12/site-packages /usr/bin/cmake /rcdt/rcdt_robotics/rcdt_core/src/rcdt_utilities -DAMENT_CMAKE_SYMLINK_INSTALL=1 -DCMAKE_INSTALL_PREFIX=/rcdt/rcdt_robotics/rcdt_core/install/rcdt_utilities
[9.799s] DEBUG:colcon.colcon_core.event_handler.log_command:Invoking command in '/rcdt/rcdt_robotics/rcdt_core/build/rcdt_utilities': AMENT_PREFIX_PATH=/rcdt/rcdt_robotics/rcdt_core/install/rcdt_messages:${AMENT_PREFIX_PATH} CMAKE_PREFIX_PATH=/rcdt/rcdt_robotics/rcdt_core/install/rcdt_messages:/rcdt/vizanti_ws/install/vizanti:/rcdt/vizanti_ws/install/vizanti_server:/rcdt/vizanti_ws/install/vizanti_demos:/rcdt/vizanti_ws/install/vizanti_msgs:/rcdt/vizanti_ws/install/vizanti_cpp:/rcdt/vizanti_ws/install/rws:/opt/ros/jazzy/opt/gz_math_vendor:/opt/ros/jazzy/opt/gz_utils_vendor:/opt/ros/jazzy/opt/gz_cmake_vendor:/opt/ros/jazzy LD_LIBRARY_PATH=/rcdt/rcdt_robotics/rcdt_core/install/rcdt_messages/lib:${LD_LIBRARY_PATH} PYTHONPATH=/rcdt/rcdt_robotics/rcdt_core/install/rcdt_messages/lib/python3.12/site-packages:/rcdt/vizanti_ws/install/vizanti_msgs/lib/python3.12/site-packages:/opt/ros/jazzy/lib/python3.12/site-packages:/rcdt/rcdt_robotics/.venv/lib/python3.12/site-packages /usr/bin/cmake --build /rcdt/rcdt_robotics/rcdt_core/build/rcdt_utilities -- -j16 -l16
[14.714s] DEBUG:colcon.colcon_core.event_handler.log_command:Invoked command in '/rcdt/rcdt_robotics/rcdt_core/build/rcdt_utilities' returned '0': AMENT_PREFIX_PATH=/rcdt/rcdt_robotics/rcdt_core/install/rcdt_messages:${AMENT_PREFIX_PATH} CMAKE_PREFIX_PATH=/rcdt/rcdt_robotics/rcdt_core/install/rcdt_messages:/rcdt/vizanti_ws/install/vizanti:/rcdt/vizanti_ws/install/vizanti_server:/rcdt/vizanti_ws/install/vizanti_demos:/rcdt/vizanti_ws/install/vizanti_msgs:/rcdt/vizanti_ws/install/vizanti_cpp:/rcdt/vizanti_ws/install/rws:/opt/ros/jazzy/opt/gz_math_vendor:/opt/ros/jazzy/opt/gz_utils_vendor:/opt/ros/jazzy/opt/gz_cmake_vendor:/opt/ros/jazzy LD_LIBRARY_PATH=/rcdt/rcdt_robotics/rcdt_core/install/rcdt_messages/lib:${LD_LIBRARY_PATH} PYTHONPATH=/rcdt/rcdt_robotics/rcdt_core/install/rcdt_messages/lib/python3.12/site-packages:/rcdt/vizanti_ws/install/vizanti_msgs/lib/python3.12/site-packages:/opt/ros/jazzy/lib/python3.12/site-packages:/rcdt/rcdt_robotics/.venv/lib/python3.12/site-packages /usr/bin/cmake --build /rcdt/rcdt_robotics/rcdt_core/build/rcdt_utilities -- -j16 -l16
[14.714s] DEBUG:colcon.colcon_core.event_handler.log_command:Invoking command in '/rcdt/rcdt_robotics/rcdt_core/build/rcdt_utilities': AMENT_PREFIX_PATH=/rcdt/rcdt_robotics/rcdt_core/install/rcdt_messages:${AMENT_PREFIX_PATH} CMAKE_PREFIX_PATH=/rcdt/rcdt_robotics/rcdt_core/install/rcdt_messages:/rcdt/vizanti_ws/install/vizanti:/rcdt/vizanti_ws/install/vizanti_server:/rcdt/vizanti_ws/install/vizanti_demos:/rcdt/vizanti_ws/install/vizanti_msgs:/rcdt/vizanti_ws/install/vizanti_cpp:/rcdt/vizanti_ws/install/rws:/opt/ros/jazzy/opt/gz_math_vendor:/opt/ros/jazzy/opt/gz_utils_vendor:/opt/ros/jazzy/opt/gz_cmake_vendor:/opt/ros/jazzy LD_LIBRARY_PATH=/rcdt/rcdt_robotics/rcdt_core/install/rcdt_messages/lib:${LD_LIBRARY_PATH} PYTHONPATH=/rcdt/rcdt_robotics/rcdt_core/install/rcdt_messages/lib/python3.12/site-packages:/rcdt/vizanti_ws/install/vizanti_msgs/lib/python3.12/site-packages:/opt/ros/jazzy/lib/python3.12/site-packages:/rcdt/rcdt_robotics/.venv/lib/python3.12/site-packages /usr/bin/cmake --install /rcdt/rcdt_robotics/rcdt_core/build/rcdt_utilities
[14.900s] Level 1:colcon.colcon_core.environment:create_environment_scripts_only(rcdt_utilities)
[14.900s] Level 1:colcon.colcon_core.environment:checking '/rcdt/rcdt_robotics/rcdt_core/install/rcdt_utilities' for CMake module files
[14.901s] DEBUG:colcon.colcon_core.event_handler.log_command:Invoked command in '/rcdt/rcdt_robotics/rcdt_core/build/rcdt_utilities' returned '0': AMENT_PREFIX_PATH=/rcdt/rcdt_robotics/rcdt_core/install/rcdt_messages:${AMENT_PREFIX_PATH} CMAKE_PREFIX_PATH=/rcdt/rcdt_robotics/rcdt_core/install/rcdt_messages:/rcdt/vizanti_ws/install/vizanti:/rcdt/vizanti_ws/install/vizanti_server:/rcdt/vizanti_ws/install/vizanti_demos:/rcdt/vizanti_ws/install/vizanti_msgs:/rcdt/vizanti_ws/install/vizanti_cpp:/rcdt/vizanti_ws/install/rws:/opt/ros/jazzy/opt/gz_math_vendor:/opt/ros/jazzy/opt/gz_utils_vendor:/opt/ros/jazzy/opt/gz_cmake_vendor:/opt/ros/jazzy LD_LIBRARY_PATH=/rcdt/rcdt_robotics/rcdt_core/install/rcdt_messages/lib:${LD_LIBRARY_PATH} PYTHONPATH=/rcdt/rcdt_robotics/rcdt_core/install/rcdt_messages/lib/python3.12/site-packages:/rcdt/vizanti_ws/install/vizanti_msgs/lib/python3.12/site-packages:/opt/ros/jazzy/lib/python3.12/site-packages:/rcdt/rcdt_robotics/.venv/lib/python3.12/site-packages /usr/bin/cmake --install /rcdt/rcdt_robotics/rcdt_core/build/rcdt_utilities
[14.901s] Level 1:colcon.colcon_core.environment:checking '/rcdt/rcdt_robotics/rcdt_core/install/rcdt_utilities' for CMake config files
[14.901s] Level 1:colcon.colcon_core.shell:create_environment_hook('rcdt_utilities', 'cmake_prefix_path')
[14.901s] INFO:colcon.colcon_core.shell:Creating environment hook '/rcdt/rcdt_robotics/rcdt_core/install/rcdt_utilities/share/rcdt_utilities/hook/cmake_prefix_path.ps1'
[14.901s] INFO:colcon.colcon_core.shell:Creating environment descriptor '/rcdt/rcdt_robotics/rcdt_core/install/rcdt_utilities/share/rcdt_utilities/hook/cmake_prefix_path.dsv'
[14.901s] INFO:colcon.colcon_core.shell:Creating environment hook '/rcdt/rcdt_robotics/rcdt_core/install/rcdt_utilities/share/rcdt_utilities/hook/cmake_prefix_path.sh'
[14.902s] Level 1:colcon.colcon_core.environment:checking '/rcdt/rcdt_robotics/rcdt_core/install/rcdt_utilities/lib'
[14.902s] Level 1:colcon.colcon_core.environment:checking '/rcdt/rcdt_robotics/rcdt_core/install/rcdt_utilities/bin'
[14.902s] Level 1:colcon.colcon_core.environment:checking '/rcdt/rcdt_robotics/rcdt_core/install/rcdt_utilities/lib/pkgconfig/rcdt_utilities.pc'
[14.902s] Level 1:colcon.colcon_core.environment:checking '/rcdt/rcdt_robotics/rcdt_core/install/rcdt_utilities/lib/python3.12/site-packages'
[14.902s] Level 1:colcon.colcon_core.shell:create_environment_hook('rcdt_utilities', 'pythonpath')
[14.902s] INFO:colcon.colcon_core.shell:Creating environment hook '/rcdt/rcdt_robotics/rcdt_core/install/rcdt_utilities/share/rcdt_utilities/hook/pythonpath.ps1'
[14.902s] INFO:colcon.colcon_core.shell:Creating environment descriptor '/rcdt/rcdt_robotics/rcdt_core/install/rcdt_utilities/share/rcdt_utilities/hook/pythonpath.dsv'
[14.902s] INFO:colcon.colcon_core.shell:Creating environment hook '/rcdt/rcdt_robotics/rcdt_core/install/rcdt_utilities/share/rcdt_utilities/hook/pythonpath.sh'
[14.902s] Level 1:colcon.colcon_core.environment:checking '/rcdt/rcdt_robotics/rcdt_core/install/rcdt_utilities/bin'
[14.902s] INFO:colcon.colcon_core.shell:Creating package script '/rcdt/rcdt_robotics/rcdt_core/install/rcdt_utilities/share/rcdt_utilities/package.ps1'
[14.903s] INFO:colcon.colcon_core.shell:Creating package descriptor '/rcdt/rcdt_robotics/rcdt_core/install/rcdt_utilities/share/rcdt_utilities/package.dsv'
[14.903s] INFO:colcon.colcon_core.shell:Creating package script '/rcdt/rcdt_robotics/rcdt_core/install/rcdt_utilities/share/rcdt_utilities/package.sh'
[14.903s] INFO:colcon.colcon_core.shell:Creating package script '/rcdt/rcdt_robotics/rcdt_core/install/rcdt_utilities/share/rcdt_utilities/package.bash'
[14.903s] INFO:colcon.colcon_core.shell:Creating package script '/rcdt/rcdt_robotics/rcdt_core/install/rcdt_utilities/share/rcdt_utilities/package.zsh'
[14.903s] Level 1:colcon.colcon_core.environment:create_file_with_runtime_dependencies(/rcdt/rcdt_robotics/rcdt_core/install/rcdt_utilities/share/colcon-core/packages/rcdt_utilities)
[14.903s] Level 1:colcon.colcon_core.environment:create_environment_scripts_only(rcdt_utilities)
[14.903s] Level 1:colcon.colcon_core.environment:checking '/rcdt/rcdt_robotics/rcdt_core/install/rcdt_utilities' for CMake module files
[14.904s] Level 1:colcon.colcon_core.environment:checking '/rcdt/rcdt_robotics/rcdt_core/install/rcdt_utilities' for CMake config files
[14.904s] Level 1:colcon.colcon_core.shell:create_environment_hook('rcdt_utilities', 'cmake_prefix_path')
[14.904s] INFO:colcon.colcon_core.shell:Creating environment hook '/rcdt/rcdt_robotics/rcdt_core/install/rcdt_utilities/share/rcdt_utilities/hook/cmake_prefix_path.ps1'
[14.904s] INFO:colcon.colcon_core.shell:Creating environment descriptor '/rcdt/rcdt_robotics/rcdt_core/install/rcdt_utilities/share/rcdt_utilities/hook/cmake_prefix_path.dsv'
[14.904s] INFO:colcon.colcon_core.shell:Creating environment hook '/rcdt/rcdt_robotics/rcdt_core/install/rcdt_utilities/share/rcdt_utilities/hook/cmake_prefix_path.sh'
[14.904s] Level 1:colcon.colcon_core.environment:checking '/rcdt/rcdt_robotics/rcdt_core/install/rcdt_utilities/lib'
[14.904s] Level 1:colcon.colcon_core.environment:checking '/rcdt/rcdt_robotics/rcdt_core/install/rcdt_utilities/bin'
[14.904s] Level 1:colcon.colcon_core.environment:checking '/rcdt/rcdt_robotics/rcdt_core/install/rcdt_utilities/lib/pkgconfig/rcdt_utilities.pc'
[14.904s] Level 1:colcon.colcon_core.environment:checking '/rcdt/rcdt_robotics/rcdt_core/install/rcdt_utilities/lib/python3.12/site-packages'
[14.904s] Level 1:colcon.colcon_core.shell:create_environment_hook('rcdt_utilities', 'pythonpath')
[14.904s] INFO:colcon.colcon_core.shell:Creating environment hook '/rcdt/rcdt_robotics/rcdt_core/install/rcdt_utilities/share/rcdt_utilities/hook/pythonpath.ps1'
[14.905s] INFO:colcon.colcon_core.shell:Creating environment descriptor '/rcdt/rcdt_robotics/rcdt_core/install/rcdt_utilities/share/rcdt_utilities/hook/pythonpath.dsv'
[14.905s] INFO:colcon.colcon_core.shell:Creating environment hook '/rcdt/rcdt_robotics/rcdt_core/install/rcdt_utilities/share/rcdt_utilities/hook/pythonpath.sh'
[14.905s] Level 1:colcon.colcon_core.environment:checking '/rcdt/rcdt_robotics/rcdt_core/install/rcdt_utilities/bin'
[14.905s] INFO:colcon.colcon_core.shell:Creating package script '/rcdt/rcdt_robotics/rcdt_core/install/rcdt_utilities/share/rcdt_utilities/package.ps1'
[14.905s] INFO:colcon.colcon_core.shell:Creating package descriptor '/rcdt/rcdt_robotics/rcdt_core/install/rcdt_utilities/share/rcdt_utilities/package.dsv'
[14.905s] INFO:colcon.colcon_core.shell:Creating package script '/rcdt/rcdt_robotics/rcdt_core/install/rcdt_utilities/share/rcdt_utilities/package.sh'
[14.906s] INFO:colcon.colcon_core.shell:Creating package script '/rcdt/rcdt_robotics/rcdt_core/install/rcdt_utilities/share/rcdt_utilities/package.bash'
[14.906s] INFO:colcon.colcon_core.shell:Creating package script '/rcdt/rcdt_robotics/rcdt_core/install/rcdt_utilities/share/rcdt_utilities/package.zsh'
[14.906s] Level 1:colcon.colcon_core.environment:create_file_with_runtime_dependencies(/rcdt/rcdt_robotics/rcdt_core/install/rcdt_utilities/share/colcon-core/packages/rcdt_utilities)
[14.906s] DEBUG:colcon.colcon_parallel_executor.executor.parallel:closing loop
[14.906s] DEBUG:colcon.colcon_parallel_executor.executor.parallel:loop closed
[14.906s] DEBUG:colcon.colcon_parallel_executor.executor.parallel:run_until_complete finished with '0'
[14.906s] DEBUG:colcon.colcon_core.event_reactor:joining thread
[14.909s] INFO:colcon.colcon_core.plugin_system:Skipping extension 'colcon_notification.desktop_notification.notify_send': Could not find 'notify-send'
[14.909s] INFO:colcon.colcon_core.plugin_system:Skipping extension 'colcon_notification.desktop_notification.terminal_notifier': Not used on non-Darwin systems
[14.909s] INFO:colcon.colcon_core.plugin_system:Skipping extension 'colcon_notification.desktop_notification.win32': Not used on non-Windows systems
[14.909s] INFO:colcon.colcon_notification.desktop_notification:Sending desktop notification using 'notify2'
[14.910s] DEBUG:colcon.colcon_notification.desktop_notification.notify2:Failed to initialize notify2: org.freedesktop.DBus.Error.Spawn.ExecFailed: /usr/bin/dbus-launch terminated abnormally without any error message
[14.910s] DEBUG:colcon.colcon_core.event_reactor:joined thread
[14.910s] INFO:colcon.colcon_core.shell:Creating prefix script '/rcdt/rcdt_robotics/rcdt_core/install/local_setup.ps1'
[14.911s] INFO:colcon.colcon_core.shell:Creating prefix util module '/rcdt/rcdt_robotics/rcdt_core/install/_local_setup_util_ps1.py'
[14.911s] INFO:colcon.colcon_core.shell:Creating prefix chain script '/rcdt/rcdt_robotics/rcdt_core/install/setup.ps1'
[14.911s] INFO:colcon.colcon_core.shell:Creating prefix script '/rcdt/rcdt_robotics/rcdt_core/install/local_setup.sh'
[14.912s] INFO:colcon.colcon_core.shell:Creating prefix util module '/rcdt/rcdt_robotics/rcdt_core/install/_local_setup_util_sh.py'
[14.912s] INFO:colcon.colcon_core.shell:Creating prefix chain script '/rcdt/rcdt_robotics/rcdt_core/install/setup.sh'
[14.912s] INFO:colcon.colcon_core.shell:Creating prefix script '/rcdt/rcdt_robotics/rcdt_core/install/local_setup.bash'
[14.912s] INFO:colcon.colcon_core.shell:Creating prefix chain script '/rcdt/rcdt_robotics/rcdt_core/install/setup.bash'
[14.913s] INFO:colcon.colcon_core.shell:Creating prefix script '/rcdt/rcdt_robotics/rcdt_core/install/local_setup.zsh'
[14.913s] INFO:colcon.colcon_core.shell:Creating prefix chain script '/rcdt/rcdt_robotics/rcdt_core/install/setup.zsh'
