[0.005s] Invoking command in '/rcdt/rcdt_robotics/rcdt_core/build/rcdt_launch': CMAKE_PREFIX_PATH=${CMAKE_PREFIX_PATH}:/opt/ros/jazzy /usr/bin/cmake --build /rcdt/rcdt_robotics/rcdt_core/build/rcdt_launch -- -j16 -l16
[0.034s] Built target ament_cmake_python_symlink_rcdt_launch
[0.139s] running egg_info
[0.143s] creating rcdt_launch.egg-info
[0.143s] writing rcdt_launch.egg-info/PKG-INFO
[0.143s] writing dependency_links to rcdt_launch.egg-info/dependency_links.txt
[0.143s] writing top-level names to rcdt_launch.egg-info/top_level.txt
[0.143s] writing manifest file 'rcdt_launch.egg-info/SOURCES.txt'
[0.158s] reading manifest file 'rcdt_launch.egg-info/SOURCES.txt'
[0.158s] writing manifest file 'rcdt_launch.egg-info/SOURCES.txt'
[0.176s] Built target ament_cmake_python_build_rcdt_launch_egg
[0.184s] Invoked command in '/rcdt/rcdt_robotics/rcdt_core/build/rcdt_launch' returned '0': CMAKE_PREFIX_PATH=${CMAKE_PREFIX_PATH}:/opt/ros/jazzy /usr/bin/cmake --build /rcdt/rcdt_robotics/rcdt_core/build/rcdt_launch -- -j16 -l16
[0.189s] Invoking command in '/rcdt/rcdt_robotics/rcdt_core/build/rcdt_launch': CMAKE_PREFIX_PATH=${CMAKE_PREFIX_PATH}:/opt/ros/jazzy /usr/bin/cmake --install /rcdt/rcdt_robotics/rcdt_core/build/rcdt_launch
[0.193s] -- Install configuration: ""
[0.193s] -- Execute custom install script
[0.193s] -- Symlinking: /rcdt/rcdt_robotics/rcdt_core/install/rcdt_launch/share/rcdt_launch/environment/pythonpath.sh
[0.197s] -- Symlinking: /rcdt/rcdt_robotics/rcdt_core/install/rcdt_launch/share/rcdt_launch/environment/pythonpath.dsv
[0.201s] -- Symlinking: /rcdt/rcdt_robotics/rcdt_core/install/rcdt_launch/lib/python3.12/site-packages/rcdt_launch-0.1.0-py3.12.egg-info/PKG-INFO
[0.205s] -- Symlinking: /rcdt/rcdt_robotics/rcdt_core/install/rcdt_launch/lib/python3.12/site-packages/rcdt_launch-0.1.0-py3.12.egg-info/SOURCES.txt
[0.210s] -- Symlinking: /rcdt/rcdt_robotics/rcdt_core/install/rcdt_launch/lib/python3.12/site-packages/rcdt_launch-0.1.0-py3.12.egg-info/dependency_links.txt
[0.213s] -- Symlinking: /rcdt/rcdt_robotics/rcdt_core/install/rcdt_launch/lib/python3.12/site-packages/rcdt_launch-0.1.0-py3.12.egg-info/top_level.txt
[0.218s] -- Symlinking: /rcdt/rcdt_robotics/rcdt_core/install/rcdt_launch/lib/python3.12/site-packages/rcdt_launch/__init__.py
[0.224s] -- Symlinking: /rcdt/rcdt_robotics/rcdt_core/install/rcdt_launch/lib/python3.12/site-packages/rcdt_launch/moveit.py
[0.229s] -- Symlinking: /rcdt/rcdt_robotics/rcdt_core/install/rcdt_launch/lib/python3.12/site-packages/rcdt_launch/robot.py
[0.233s] -- Symlinking: /rcdt/rcdt_robotics/rcdt_core/install/rcdt_launch/lib/python3.12/site-packages/rcdt_launch/rviz.py
[0.237s] -- Symlinking: /rcdt/rcdt_robotics/rcdt_core/install/rcdt_launch/lib/python3.12/site-packages/rcdt_launch/vizanti.py
[0.242s] -- Symlinking: /rcdt/rcdt_robotics/rcdt_core/install/rcdt_launch/share/rcdt_launch/launch/robots.launch.py
[0.247s] -- Symlinking: /rcdt/rcdt_robotics/rcdt_core/install/rcdt_launch/share/ament_index/resource_index/package_run_dependencies/rcdt_launch
[0.253s] -- Symlinking: /rcdt/rcdt_robotics/rcdt_core/install/rcdt_launch/share/ament_index/resource_index/parent_prefix_path/rcdt_launch
[0.258s] -- Symlinking: /rcdt/rcdt_robotics/rcdt_core/install/rcdt_launch/share/rcdt_launch/environment/ament_prefix_path.sh
[0.263s] -- Symlinking: /rcdt/rcdt_robotics/rcdt_core/install/rcdt_launch/share/rcdt_launch/environment/ament_prefix_path.dsv
[0.268s] -- Symlinking: /rcdt/rcdt_robotics/rcdt_core/install/rcdt_launch/share/rcdt_launch/environment/path.sh
[0.272s] -- Symlinking: /rcdt/rcdt_robotics/rcdt_core/install/rcdt_launch/share/rcdt_launch/environment/path.dsv
[0.277s] -- Symlinking: /rcdt/rcdt_robotics/rcdt_core/install/rcdt_launch/share/rcdt_launch/local_setup.bash
[0.282s] -- Symlinking: /rcdt/rcdt_robotics/rcdt_core/install/rcdt_launch/share/rcdt_launch/local_setup.sh
[0.288s] -- Symlinking: /rcdt/rcdt_robotics/rcdt_core/install/rcdt_launch/share/rcdt_launch/local_setup.zsh
[0.292s] -- Symlinking: /rcdt/rcdt_robotics/rcdt_core/install/rcdt_launch/share/rcdt_launch/local_setup.dsv
[0.297s] -- Symlinking: /rcdt/rcdt_robotics/rcdt_core/install/rcdt_launch/share/rcdt_launch/package.dsv
[0.301s] -- Symlinking: /rcdt/rcdt_robotics/rcdt_core/install/rcdt_launch/share/ament_index/resource_index/packages/rcdt_launch
[0.305s] -- Symlinking: /rcdt/rcdt_robotics/rcdt_core/install/rcdt_launch/share/rcdt_launch/cmake/rcdt_launchConfig.cmake
[0.310s] -- Symlinking: /rcdt/rcdt_robotics/rcdt_core/install/rcdt_launch/share/rcdt_launch/cmake/rcdt_launchConfig-version.cmake
[0.315s] -- Symlinking: /rcdt/rcdt_robotics/rcdt_core/install/rcdt_launch/share/rcdt_launch/package.xml
[0.341s] Listing '/rcdt/rcdt_robotics/rcdt_core/install/rcdt_launch/lib/python3.12/site-packages/rcdt_launch'...
[0.341s] Compiling '/rcdt/rcdt_robotics/rcdt_core/install/rcdt_launch/lib/python3.12/site-packages/rcdt_launch/__init__.py'...
[0.341s] Compiling '/rcdt/rcdt_robotics/rcdt_core/install/rcdt_launch/lib/python3.12/site-packages/rcdt_launch/moveit.py'...
[0.341s] Compiling '/rcdt/rcdt_robotics/rcdt_core/install/rcdt_launch/lib/python3.12/site-packages/rcdt_launch/robot.py'...
[0.341s] Compiling '/rcdt/rcdt_robotics/rcdt_core/install/rcdt_launch/lib/python3.12/site-packages/rcdt_launch/rviz.py'...
[0.341s] Compiling '/rcdt/rcdt_robotics/rcdt_core/install/rcdt_launch/lib/python3.12/site-packages/rcdt_launch/vizanti.py'...
