[0.007s] Invoking command in '/rcdt/rcdt_robotics/rcdt_core/build/rcdt_messages': CMAKE_PREFIX_PATH=${CMAKE_PREFIX_PATH}:/opt/ros/jazzy /usr/bin/cmake /rcdt/rcdt_robotics/rcdt_core/src/rcdt_messages -DAMENT_CMAKE_SYMLINK_INSTALL=1 -DCMAKE_INSTALL_PREFIX=/rcdt/rcdt_robotics/rcdt_core/install/rcdt_messages
[0.016s] -- Found ament_cmake: 2.5.4 (/opt/ros/jazzy/share/ament_cmake/cmake)
[0.122s] -- Override CMake install command with custom implementation using symlinks instead of copying resources
[0.125s] -- Found rosidl_default_generators: 1.6.0 (/opt/ros/jazzy/share/rosidl_default_generators/cmake)
[0.126s] -- Using all available rosidl_typesupport_c: rosidl_typesupport_fastrtps_c;rosidl_typesupport_introspection_c
[0.141s] -- Using all available rosidl_typesupport_cpp: rosidl_typesupport_fastrtps_cpp;rosidl_typesupport_introspection_cpp
[0.153s] -- Found rosidl_adapter: 4.6.6 (/opt/ros/jazzy/share/rosidl_adapter/cmake)
[0.154s] -- Found std_msgs: 5.3.6 (/opt/ros/jazzy/share/std_msgs/cmake)
[0.166s] -- Found geometry_msgs: 5.3.6 (/opt/ros/jazzy/share/geometry_msgs/cmake)
[0.174s] -- Found sensor_msgs: 5.3.6 (/opt/ros/jazzy/share/sensor_msgs/cmake)
[0.192s] -- Found vision_msgs: 4.1.1 (/opt/ros/jazzy/share/vision_msgs/cmake)
[0.288s] [31mCMake Error at /opt/ros/jazzy/share/rosidl_adapter/cmake/rosidl_adapt_interfaces.cmake:57 (message):
[0.288s]   execute_process(/rcdt/rcdt_robotics/.venv/bin/python3 -m rosidl_adapter
[0.288s]   --package-name rcdt_messages --arguments-file
[0.288s]   /rcdt/rcdt_robotics/rcdt_core/build/rcdt_messages/rosidl_adapter__arguments__rcdt_messages.json
[0.289s]   --output-dir
[0.289s]   /rcdt/rcdt_robotics/rcdt_core/build/rcdt_messages/rosidl_adapter/rcdt_messages
[0.289s]   --output-file
[0.289s]   /rcdt/rcdt_robotics/rcdt_core/build/rcdt_messages/rosidl_adapter/rcdt_messages.idls)
[0.289s]   returned error code 1:
[0.289s] 
[0.289s]   Traceback (most recent call last):
[0.289s] 
[0.289s]     File "<frozen runpy>", line 198, in _run_module_as_main
[0.289s]     File "<frozen runpy>", line 88, in _run_code
[0.289s]     File "/opt/ros/jazzy/lib/python3.12/site-packages/rosidl_adapter/__main__.py", line 19, in <module>
[0.289s]       sys.exit(main())
[0.289s]                ^^^^^^
[0.289s]     File "/opt/ros/jazzy/lib/python3.12/site-packages/rosidl_adapter/main.py", line 53, in main
[0.289s]       abs_idl_file = convert_to_idl(
[0.289s]                      ^^^^^^^^^^^^^^^
[0.289s]     File "/opt/ros/jazzy/lib/python3.12/site-packages/rosidl_adapter/__init__.py", line 23, in convert_to_idl
[0.289s]       from rosidl_adapter.srv import convert_srv_to_idl
[0.289s]     File "/opt/ros/jazzy/lib/python3.12/site-packages/rosidl_adapter/srv/__init__.py", line 16, in <module>
[0.289s]       from rosidl_adapter.resource import expand_template
[0.289s]     File "/opt/ros/jazzy/lib/python3.12/site-packages/rosidl_adapter/resource/__init__.py", line 19, in <module>
[0.289s]       import em
[0.289s] 
[0.289s]   ModuleNotFoundError: No module named 'em'
[0.289s] 
[0.289s] Call Stack (most recent call first):
[0.289s]   /opt/ros/jazzy/share/rosidl_cmake/cmake/rosidl_generate_interfaces.cmake:132 (rosidl_adapt_interfaces)
[0.289s]   CMakeLists.txt:36 (rosidl_generate_interfaces)
[0.289s] 
[0.289s] [0m
[0.289s] -- Configuring incomplete, errors occurred!
[0.293s] Invoked command in '/rcdt/rcdt_robotics/rcdt_core/build/rcdt_messages' returned '1': CMAKE_PREFIX_PATH=${CMAKE_PREFIX_PATH}:/opt/ros/jazzy /usr/bin/cmake /rcdt/rcdt_robotics/rcdt_core/src/rcdt_messages -DAMENT_CMAKE_SYMLINK_INSTALL=1 -DCMAKE_INSTALL_PREFIX=/rcdt/rcdt_robotics/rcdt_core/install/rcdt_messages
