[0.045s] DEBUG:colcon:Command line arguments: ['/usr/bin/colcon', 'build', '--symlink-install']
[0.045s] DEBUG:colcon:Parsed command line arguments: Namespace(log_base=None, log_level=None, verb_name='build', build_base='build', install_base='install', merge_install=False, symlink_install=True, test_result_base=None, continue_on_error=False, executor='parallel', parallel_workers=16, event_handlers=None, ignore_user_meta=False, metas=['./colcon.meta'], base_paths=['.'], packages_ignore=None, packages_ignore_regex=None, paths=None, packages_up_to=None, packages_up_to_regex=None, packages_above=None, packages_above_and_dependencies=None, packages_above_depth=None, packages_select_by_dep=None, packages_skip_by_dep=None, packages_skip_up_to=None, packages_select_build_failed=False, packages_skip_build_finished=False, packages_select_test_failures=False, packages_skip_test_passed=False, packages_select=None, packages_skip=None, packages_select_regex=None, packages_skip_regex=None, packages_start=None, packages_end=None, cmake_args=None, cmake_target=None, cmake_target_skip_unavailable=False, cmake_clean_cache=False, cmake_clean_first=False, cmake_force_configure=False, ament_cmake_args=None, catkin_cmake_args=None, catkin_skip_building_tests=False, mixin_files=None, mixin=None, verb_parser=<colcon_mixin.mixin.mixin_argument.MixinArgumentDecorator object at 0x7114e0f2b5f0>, verb_extension=<colcon_core.verb.build.BuildVerb object at 0x7114e0f2b1d0>, main=<bound method BuildVerb.main of <colcon_core.verb.build.BuildVerb object at 0x7114e0f2b1d0>>, mixin_verb=('build',))
[0.063s] Level 1:colcon.colcon_core.package_discovery:discover_packages(colcon_meta) check parameters
[0.063s] Level 1:colcon.colcon_core.package_discovery:discover_packages(recursive) check parameters
[0.063s] Level 1:colcon.colcon_core.package_discovery:discover_packages(ignore) check parameters
[0.063s] Level 1:colcon.colcon_core.package_discovery:discover_packages(path) check parameters
[0.063s] Level 1:colcon.colcon_core.package_discovery:discover_packages(colcon_meta) discover
[0.063s] Level 1:colcon.colcon_core.package_discovery:discover_packages(recursive) discover
[0.063s] INFO:colcon.colcon_core.package_discovery:Crawling recursively for packages in '/rcdt/rcdt_robotics/rcdt_core'
[0.063s] Level 1:colcon.colcon_core.package_identification:_identify(.) by extensions ['ignore', 'ignore_ament_install']
[0.063s] Level 1:colcon.colcon_core.package_identification:_identify(.) by extension 'ignore'
[0.063s] Level 1:colcon.colcon_core.package_identification:_identify(.) by extension 'ignore_ament_install'
[0.063s] Level 1:colcon.colcon_core.package_identification:_identify(.) by extensions ['colcon_pkg']
[0.063s] Level 1:colcon.colcon_core.package_identification:_identify(.) by extension 'colcon_pkg'
[0.063s] Level 1:colcon.colcon_core.package_identification:_identify(.) by extensions ['colcon_meta']
[0.063s] Level 1:colcon.colcon_core.package_identification:_identify(.) by extension 'colcon_meta'
[0.063s] Level 1:colcon.colcon_core.package_identification:_identify(.) by extensions ['ros']
[0.063s] Level 1:colcon.colcon_core.package_identification:_identify(.) by extension 'ros'
[0.075s] Level 1:colcon.colcon_core.package_identification:_identify(.) by extensions ['cmake', 'python']
[0.076s] Level 1:colcon.colcon_core.package_identification:_identify(.) by extension 'cmake'
[0.076s] Level 1:colcon.colcon_core.package_identification:_identify(.) by extension 'python'
[0.076s] Level 1:colcon.colcon_core.package_identification:_identify(.) by extensions ['python_setup_py']
[0.076s] Level 1:colcon.colcon_core.package_identification:_identify(.) by extension 'python_setup_py'
[0.076s] Level 1:colcon.colcon_core.package_identification:_identify(build) by extensions ['ignore', 'ignore_ament_install']
[0.076s] Level 1:colcon.colcon_core.package_identification:_identify(build) by extension 'ignore'
[0.076s] Level 1:colcon.colcon_core.package_identification:_identify(build) ignored
[0.076s] Level 1:colcon.colcon_core.package_identification:_identify(install) by extensions ['ignore', 'ignore_ament_install']
[0.076s] Level 1:colcon.colcon_core.package_identification:_identify(install) by extension 'ignore'
[0.076s] Level 1:colcon.colcon_core.package_identification:_identify(install) ignored
[0.076s] Level 1:colcon.colcon_core.package_identification:_identify(log) by extensions ['ignore', 'ignore_ament_install']
[0.076s] Level 1:colcon.colcon_core.package_identification:_identify(log) by extension 'ignore'
[0.076s] Level 1:colcon.colcon_core.package_identification:_identify(log) ignored
[0.076s] Level 1:colcon.colcon_core.package_identification:_identify(src) by extensions ['ignore', 'ignore_ament_install']
[0.076s] Level 1:colcon.colcon_core.package_identification:_identify(src) by extension 'ignore'
[0.076s] Level 1:colcon.colcon_core.package_identification:_identify(src) by extension 'ignore_ament_install'
[0.076s] Level 1:colcon.colcon_core.package_identification:_identify(src) by extensions ['colcon_pkg']
[0.076s] Level 1:colcon.colcon_core.package_identification:_identify(src) by extension 'colcon_pkg'
[0.076s] Level 1:colcon.colcon_core.package_identification:_identify(src) by extensions ['colcon_meta']
[0.076s] Level 1:colcon.colcon_core.package_identification:_identify(src) by extension 'colcon_meta'
[0.076s] Level 1:colcon.colcon_core.package_identification:_identify(src) by extensions ['ros']
[0.076s] Level 1:colcon.colcon_core.package_identification:_identify(src) by extension 'ros'
[0.076s] Level 1:colcon.colcon_core.package_identification:_identify(src) by extensions ['cmake', 'python']
[0.076s] Level 1:colcon.colcon_core.package_identification:_identify(src) by extension 'cmake'
[0.076s] Level 1:colcon.colcon_core.package_identification:_identify(src) by extension 'python'
[0.076s] Level 1:colcon.colcon_core.package_identification:_identify(src) by extensions ['python_setup_py']
[0.076s] Level 1:colcon.colcon_core.package_identification:_identify(src) by extension 'python_setup_py'
[0.076s] Level 1:colcon.colcon_core.package_identification:_identify(src/rcdt_launch) by extensions ['ignore', 'ignore_ament_install']
[0.076s] Level 1:colcon.colcon_core.package_identification:_identify(src/rcdt_launch) by extension 'ignore'
[0.076s] Level 1:colcon.colcon_core.package_identification:_identify(src/rcdt_launch) by extension 'ignore_ament_install'
[0.076s] Level 1:colcon.colcon_core.package_identification:_identify(src/rcdt_launch) by extensions ['colcon_pkg']
[0.076s] Level 1:colcon.colcon_core.package_identification:_identify(src/rcdt_launch) by extension 'colcon_pkg'
[0.076s] Level 1:colcon.colcon_core.package_identification:_identify(src/rcdt_launch) by extensions ['colcon_meta']
[0.076s] Level 1:colcon.colcon_core.package_identification:_identify(src/rcdt_launch) by extension 'colcon_meta'
[0.076s] Level 1:colcon.colcon_core.package_identification:_identify(src/rcdt_launch) by extensions ['ros']
[0.076s] Level 1:colcon.colcon_core.package_identification:_identify(src/rcdt_launch) by extension 'ros'
[0.077s] DEBUG:colcon.colcon_core.package_identification:Package 'src/rcdt_launch' with type 'ros.ament_cmake' and name 'rcdt_launch'
[0.077s] Level 1:colcon.colcon_core.package_identification:_identify(src/rcdt_messages) by extensions ['ignore', 'ignore_ament_install']
[0.077s] Level 1:colcon.colcon_core.package_identification:_identify(src/rcdt_messages) by extension 'ignore'
[0.077s] Level 1:colcon.colcon_core.package_identification:_identify(src/rcdt_messages) by extension 'ignore_ament_install'
[0.077s] Level 1:colcon.colcon_core.package_identification:_identify(src/rcdt_messages) by extensions ['colcon_pkg']
[0.077s] Level 1:colcon.colcon_core.package_identification:_identify(src/rcdt_messages) by extension 'colcon_pkg'
[0.078s] Level 1:colcon.colcon_core.package_identification:_identify(src/rcdt_messages) by extensions ['colcon_meta']
[0.078s] Level 1:colcon.colcon_core.package_identification:_identify(src/rcdt_messages) by extension 'colcon_meta'
[0.078s] Level 1:colcon.colcon_core.package_identification:_identify(src/rcdt_messages) by extensions ['ros']
[0.078s] Level 1:colcon.colcon_core.package_identification:_identify(src/rcdt_messages) by extension 'ros'
[0.078s] DEBUG:colcon.colcon_core.package_identification:Package 'src/rcdt_messages' with type 'ros.ament_cmake' and name 'rcdt_messages'
[0.078s] Level 1:colcon.colcon_core.package_identification:_identify(src/rcdt_utilities) by extensions ['ignore', 'ignore_ament_install']
[0.078s] Level 1:colcon.colcon_core.package_identification:_identify(src/rcdt_utilities) by extension 'ignore'
[0.078s] Level 1:colcon.colcon_core.package_identification:_identify(src/rcdt_utilities) by extension 'ignore_ament_install'
[0.078s] Level 1:colcon.colcon_core.package_identification:_identify(src/rcdt_utilities) by extensions ['colcon_pkg']
[0.078s] Level 1:colcon.colcon_core.package_identification:_identify(src/rcdt_utilities) by extension 'colcon_pkg'
[0.078s] Level 1:colcon.colcon_core.package_identification:_identify(src/rcdt_utilities) by extensions ['colcon_meta']
[0.078s] Level 1:colcon.colcon_core.package_identification:_identify(src/rcdt_utilities) by extension 'colcon_meta'
[0.078s] Level 1:colcon.colcon_core.package_identification:_identify(src/rcdt_utilities) by extensions ['ros']
[0.078s] Level 1:colcon.colcon_core.package_identification:_identify(src/rcdt_utilities) by extension 'ros'
[0.078s] DEBUG:colcon.colcon_core.package_identification:Package 'src/rcdt_utilities' with type 'ros.ament_cmake' and name 'rcdt_utilities'
[0.078s] Level 1:colcon.colcon_core.package_discovery:discover_packages(recursive) using defaults
[0.078s] Level 1:colcon.colcon_core.package_discovery:discover_packages(ignore) discover
[0.078s] Level 1:colcon.colcon_core.package_discovery:discover_packages(ignore) using defaults
[0.078s] Level 1:colcon.colcon_core.package_discovery:discover_packages(path) discover
[0.078s] Level 1:colcon.colcon_core.package_discovery:discover_packages(path) using defaults
[0.086s] Level 5:colcon.colcon_core.verb:set package 'rcdt_launch' build argument 'cmake_args' from command line to 'None'
[0.086s] Level 5:colcon.colcon_core.verb:set package 'rcdt_launch' build argument 'cmake_target' from command line to 'None'
[0.086s] Level 5:colcon.colcon_core.verb:set package 'rcdt_launch' build argument 'cmake_target_skip_unavailable' from command line to 'False'
[0.086s] Level 5:colcon.colcon_core.verb:set package 'rcdt_launch' build argument 'cmake_clean_cache' from command line to 'False'
[0.086s] Level 5:colcon.colcon_core.verb:set package 'rcdt_launch' build argument 'cmake_clean_first' from command line to 'False'
[0.086s] Level 5:colcon.colcon_core.verb:set package 'rcdt_launch' build argument 'cmake_force_configure' from command line to 'False'
[0.086s] Level 5:colcon.colcon_core.verb:set package 'rcdt_launch' build argument 'ament_cmake_args' from command line to 'None'
[0.086s] Level 5:colcon.colcon_core.verb:set package 'rcdt_launch' build argument 'catkin_cmake_args' from command line to 'None'
[0.086s] Level 5:colcon.colcon_core.verb:set package 'rcdt_launch' build argument 'catkin_skip_building_tests' from command line to 'False'
[0.086s] DEBUG:colcon.colcon_core.verb:Building package 'rcdt_launch' with the following arguments: {'ament_cmake_args': None, 'build_base': '/rcdt/rcdt_robotics/rcdt_core/build/rcdt_launch', 'catkin_cmake_args': None, 'catkin_skip_building_tests': False, 'cmake_args': None, 'cmake_clean_cache': False, 'cmake_clean_first': False, 'cmake_force_configure': False, 'cmake_target': None, 'cmake_target_skip_unavailable': False, 'install_base': '/rcdt/rcdt_robotics/rcdt_core/install/rcdt_launch', 'merge_install': False, 'path': '/rcdt/rcdt_robotics/rcdt_core/src/rcdt_launch', 'symlink_install': True, 'test_result_base': None}
[0.086s] Level 5:colcon.colcon_core.verb:set package 'rcdt_messages' build argument 'cmake_args' from command line to 'None'
[0.086s] Level 5:colcon.colcon_core.verb:set package 'rcdt_messages' build argument 'cmake_target' from command line to 'None'
[0.086s] Level 5:colcon.colcon_core.verb:set package 'rcdt_messages' build argument 'cmake_target_skip_unavailable' from command line to 'False'
[0.086s] Level 5:colcon.colcon_core.verb:set package 'rcdt_messages' build argument 'cmake_clean_cache' from command line to 'False'
[0.087s] Level 5:colcon.colcon_core.verb:set package 'rcdt_messages' build argument 'cmake_clean_first' from command line to 'False'
[0.087s] Level 5:colcon.colcon_core.verb:set package 'rcdt_messages' build argument 'cmake_force_configure' from command line to 'False'
[0.087s] Level 5:colcon.colcon_core.verb:set package 'rcdt_messages' build argument 'ament_cmake_args' from command line to 'None'
[0.087s] Level 5:colcon.colcon_core.verb:set package 'rcdt_messages' build argument 'catkin_cmake_args' from command line to 'None'
[0.087s] Level 5:colcon.colcon_core.verb:set package 'rcdt_messages' build argument 'catkin_skip_building_tests' from command line to 'False'
[0.087s] DEBUG:colcon.colcon_core.verb:Building package 'rcdt_messages' with the following arguments: {'ament_cmake_args': None, 'build_base': '/rcdt/rcdt_robotics/rcdt_core/build/rcdt_messages', 'catkin_cmake_args': None, 'catkin_skip_building_tests': False, 'cmake_args': None, 'cmake_clean_cache': False, 'cmake_clean_first': False, 'cmake_force_configure': False, 'cmake_target': None, 'cmake_target_skip_unavailable': False, 'install_base': '/rcdt/rcdt_robotics/rcdt_core/install/rcdt_messages', 'merge_install': False, 'path': '/rcdt/rcdt_robotics/rcdt_core/src/rcdt_messages', 'symlink_install': True, 'test_result_base': None}
[0.087s] Level 5:colcon.colcon_core.verb:set package 'rcdt_utilities' build argument 'cmake_args' from command line to 'None'
[0.087s] Level 5:colcon.colcon_core.verb:set package 'rcdt_utilities' build argument 'cmake_target' from command line to 'None'
[0.087s] Level 5:colcon.colcon_core.verb:set package 'rcdt_utilities' build argument 'cmake_target_skip_unavailable' from command line to 'False'
[0.087s] Level 5:colcon.colcon_core.verb:set package 'rcdt_utilities' build argument 'cmake_clean_cache' from command line to 'False'
[0.087s] Level 5:colcon.colcon_core.verb:set package 'rcdt_utilities' build argument 'cmake_clean_first' from command line to 'False'
[0.087s] Level 5:colcon.colcon_core.verb:set package 'rcdt_utilities' build argument 'cmake_force_configure' from command line to 'False'
[0.087s] Level 5:colcon.colcon_core.verb:set package 'rcdt_utilities' build argument 'ament_cmake_args' from command line to 'None'
[0.087s] Level 5:colcon.colcon_core.verb:set package 'rcdt_utilities' build argument 'catkin_cmake_args' from command line to 'None'
[0.087s] Level 5:colcon.colcon_core.verb:set package 'rcdt_utilities' build argument 'catkin_skip_building_tests' from command line to 'False'
[0.087s] DEBUG:colcon.colcon_core.verb:Building package 'rcdt_utilities' with the following arguments: {'ament_cmake_args': None, 'build_base': '/rcdt/rcdt_robotics/rcdt_core/build/rcdt_utilities', 'catkin_cmake_args': None, 'catkin_skip_building_tests': False, 'cmake_args': None, 'cmake_clean_cache': False, 'cmake_clean_first': False, 'cmake_force_configure': False, 'cmake_target': None, 'cmake_target_skip_unavailable': False, 'install_base': '/rcdt/rcdt_robotics/rcdt_core/install/rcdt_utilities', 'merge_install': False, 'path': '/rcdt/rcdt_robotics/rcdt_core/src/rcdt_utilities', 'symlink_install': True, 'test_result_base': None}
[0.087s] INFO:colcon.colcon_core.executor:Executing jobs using 'parallel' executor
[0.087s] DEBUG:colcon.colcon_parallel_executor.executor.parallel:run_until_complete
[0.088s] INFO:colcon.colcon_ros.task.ament_cmake.build:Building ROS package in '/rcdt/rcdt_robotics/rcdt_core/src/rcdt_messages' with build type 'ament_cmake'
[0.088s] INFO:colcon.colcon_cmake.task.cmake.build:Building CMake package in '/rcdt/rcdt_robotics/rcdt_core/src/rcdt_messages'
[0.089s] INFO:colcon.colcon_core.plugin_system:Skipping extension 'colcon_core.shell.bat': Not used on non-Windows systems
[0.089s] INFO:colcon.colcon_core.shell:Skip shell extension 'powershell' for command environment: Not usable outside of PowerShell
[0.089s] DEBUG:colcon.colcon_core.shell:Skip shell extension 'dsv' for command environment
[0.092s] INFO:colcon.colcon_ros.task.ament_cmake.build:Building ROS package in '/rcdt/rcdt_robotics/rcdt_core/src/rcdt_launch' with build type 'ament_cmake'
[0.092s] INFO:colcon.colcon_cmake.task.cmake.build:Building CMake package in '/rcdt/rcdt_robotics/rcdt_core/src/rcdt_launch'
[0.092s] INFO:colcon.colcon_core.shell:Skip shell extension 'powershell' for command environment: Not usable outside of PowerShell
[0.092s] DEBUG:colcon.colcon_core.shell:Skip shell extension 'dsv' for command environment
[0.095s] DEBUG:colcon.colcon_core.event_handler.log_command:Invoking command in '/rcdt/rcdt_robotics/rcdt_core/build/rcdt_messages': CMAKE_PREFIX_PATH=${CMAKE_PREFIX_PATH}:/opt/ros/jazzy /usr/bin/cmake /rcdt/rcdt_robotics/rcdt_core/src/rcdt_messages -DAMENT_CMAKE_SYMLINK_INSTALL=1 -DCMAKE_INSTALL_PREFIX=/rcdt/rcdt_robotics/rcdt_core/install/rcdt_messages
[0.097s] DEBUG:colcon.colcon_core.event_handler.log_command:Invoking command in '/rcdt/rcdt_robotics/rcdt_core/build/rcdt_launch': CMAKE_PREFIX_PATH=${CMAKE_PREFIX_PATH}:/opt/ros/jazzy /usr/bin/cmake --build /rcdt/rcdt_robotics/rcdt_core/build/rcdt_launch -- -j16 -l16
[0.275s] DEBUG:colcon.colcon_core.event_handler.log_command:Invoked command in '/rcdt/rcdt_robotics/rcdt_core/build/rcdt_launch' returned '0': CMAKE_PREFIX_PATH=${CMAKE_PREFIX_PATH}:/opt/ros/jazzy /usr/bin/cmake --build /rcdt/rcdt_robotics/rcdt_core/build/rcdt_launch -- -j16 -l16
[0.281s] DEBUG:colcon.colcon_core.event_handler.log_command:Invoking command in '/rcdt/rcdt_robotics/rcdt_core/build/rcdt_launch': CMAKE_PREFIX_PATH=${CMAKE_PREFIX_PATH}:/opt/ros/jazzy /usr/bin/cmake --install /rcdt/rcdt_robotics/rcdt_core/build/rcdt_launch
[0.381s] DEBUG:colcon.colcon_core.event_handler.log_command:Invoked command in '/rcdt/rcdt_robotics/rcdt_core/build/rcdt_messages' returned '1': CMAKE_PREFIX_PATH=${CMAKE_PREFIX_PATH}:/opt/ros/jazzy /usr/bin/cmake /rcdt/rcdt_robotics/rcdt_core/src/rcdt_messages -DAMENT_CMAKE_SYMLINK_INSTALL=1 -DCMAKE_INSTALL_PREFIX=/rcdt/rcdt_robotics/rcdt_core/install/rcdt_messages
[0.388s] Level 1:colcon.colcon_core.environment:create_environment_scripts_only(rcdt_messages)
[0.391s] Level 1:colcon.colcon_core.environment:checking '/rcdt/rcdt_robotics/rcdt_core/install/rcdt_messages' for CMake module files
[0.391s] Level 1:colcon.colcon_core.environment:checking '/rcdt/rcdt_robotics/rcdt_core/install/rcdt_messages' for CMake config files
[0.391s] Level 1:colcon.colcon_core.environment:checking '/rcdt/rcdt_robotics/rcdt_core/install/rcdt_messages/bin'
[0.391s] Level 1:colcon.colcon_core.environment:checking '/rcdt/rcdt_robotics/rcdt_core/install/rcdt_messages/lib/pkgconfig/rcdt_messages.pc'
[0.392s] Level 1:colcon.colcon_core.environment:checking '/rcdt/rcdt_robotics/rcdt_core/install/rcdt_messages/lib/python3.12/site-packages'
[0.393s] Level 1:colcon.colcon_core.environment:checking '/rcdt/rcdt_robotics/rcdt_core/install/rcdt_messages/bin'
[0.393s] INFO:colcon.colcon_core.shell:Creating package script '/rcdt/rcdt_robotics/rcdt_core/install/rcdt_messages/share/rcdt_messages/package.ps1'
[0.393s] INFO:colcon.colcon_core.shell:Creating package descriptor '/rcdt/rcdt_robotics/rcdt_core/install/rcdt_messages/share/rcdt_messages/package.dsv'
[0.393s] INFO:colcon.colcon_core.shell:Creating package script '/rcdt/rcdt_robotics/rcdt_core/install/rcdt_messages/share/rcdt_messages/package.sh'
[0.394s] INFO:colcon.colcon_core.shell:Creating package script '/rcdt/rcdt_robotics/rcdt_core/install/rcdt_messages/share/rcdt_messages/package.bash'
[0.394s] INFO:colcon.colcon_core.shell:Creating package script '/rcdt/rcdt_robotics/rcdt_core/install/rcdt_messages/share/rcdt_messages/package.zsh'
[0.394s] Level 1:colcon.colcon_core.environment:create_file_with_runtime_dependencies(/rcdt/rcdt_robotics/rcdt_core/install/rcdt_messages/share/colcon-core/packages/rcdt_messages)
[0.447s] DEBUG:colcon.colcon_parallel_executor.executor.parallel:closing loop
[0.447s] DEBUG:colcon.colcon_parallel_executor.executor.parallel:loop closed
[0.447s] DEBUG:colcon.colcon_parallel_executor.executor.parallel:run_until_complete finished with '1'
[0.447s] DEBUG:colcon.colcon_core.event_reactor:joining thread
[0.451s] INFO:colcon.colcon_core.plugin_system:Skipping extension 'colcon_notification.desktop_notification.notify_send': Could not find 'notify-send'
[0.451s] INFO:colcon.colcon_core.plugin_system:Skipping extension 'colcon_notification.desktop_notification.terminal_notifier': Not used on non-Darwin systems
[0.451s] INFO:colcon.colcon_core.plugin_system:Skipping extension 'colcon_notification.desktop_notification.win32': Not used on non-Windows systems
[0.451s] INFO:colcon.colcon_notification.desktop_notification:Sending desktop notification using 'notify2'
[0.453s] DEBUG:colcon.colcon_notification.desktop_notification.notify2:Failed to initialize notify2: org.freedesktop.DBus.Error.Spawn.ExecFailed: /usr/bin/dbus-launch terminated abnormally without any error message
[0.453s] DEBUG:colcon.colcon_core.event_reactor:joined thread
[0.453s] INFO:colcon.colcon_core.shell:Creating prefix script '/rcdt/rcdt_robotics/rcdt_core/install/local_setup.ps1'
[0.454s] INFO:colcon.colcon_core.shell:Creating prefix util module '/rcdt/rcdt_robotics/rcdt_core/install/_local_setup_util_ps1.py'
[0.455s] INFO:colcon.colcon_core.shell:Creating prefix chain script '/rcdt/rcdt_robotics/rcdt_core/install/setup.ps1'
[0.455s] INFO:colcon.colcon_core.shell:Creating prefix script '/rcdt/rcdt_robotics/rcdt_core/install/local_setup.sh'
[0.456s] INFO:colcon.colcon_core.shell:Creating prefix util module '/rcdt/rcdt_robotics/rcdt_core/install/_local_setup_util_sh.py'
[0.456s] INFO:colcon.colcon_core.shell:Creating prefix chain script '/rcdt/rcdt_robotics/rcdt_core/install/setup.sh'
[0.456s] INFO:colcon.colcon_core.shell:Creating prefix script '/rcdt/rcdt_robotics/rcdt_core/install/local_setup.bash'
[0.457s] INFO:colcon.colcon_core.shell:Creating prefix chain script '/rcdt/rcdt_robotics/rcdt_core/install/setup.bash'
[0.457s] INFO:colcon.colcon_core.shell:Creating prefix script '/rcdt/rcdt_robotics/rcdt_core/install/local_setup.zsh'
[0.457s] INFO:colcon.colcon_core.shell:Creating prefix chain script '/rcdt/rcdt_robotics/rcdt_core/install/setup.zsh'
