-- The C compiler identification is GNU 13.3.0
-- The CXX compiler identification is GNU 13.3.0
-- Detecting C compiler ABI info
-- Detecting C compiler ABI info - done
-- Check for working C compiler: /usr/bin/cc - skipped
-- Detecting C compile features
-- Detecting C compile features - done
-- Detecting CXX compiler ABI info
-- Detecting CXX compiler ABI info - done
-- Check for working CXX compiler: /usr/bin/c++ - skipped
-- Detecting CXX compile features
-- Detecting CXX compile features - done
-- Found ament_cmake: 2.5.4 (/opt/ros/jazzy/share/ament_cmake/cmake)
-- Found Python3: /rcdt/rcdt_robotics/.venv/bin/python3 (found version "3.12.3") found components: Interpreter 
-- Override CMake install command with custom implementation using symlinks instead of copying resources
-- Found rclcpp: 28.1.13 (/opt/ros/jazzy/share/rclcpp/cmake)
-- Found rosidl_generator_c: 4.6.6 (/opt/ros/jazzy/share/rosidl_generator_c/cmake)
-- Found rosidl_generator_cpp: 4.6.6 (/opt/ros/jazzy/share/rosidl_generator_cpp/cmake)
-- Using all available rosidl_typesupport_c: rosidl_typesupport_fastrtps_c;rosidl_typesupport_introspection_c
-- Using all available rosidl_typesupport_cpp: rosidl_typesupport_fastrtps_cpp;rosidl_typesupport_introspection_cpp
-- Found rmw_implementation_cmake: 7.3.2 (/opt/ros/jazzy/share/rmw_implementation_cmake/cmake)
-- Found rmw_cyclonedds_cpp: 2.2.3 (/opt/ros/jazzy/share/rmw_cyclonedds_cpp/cmake)
-- Using RMW implementation 'rmw_cyclonedds_cpp' as default
-- Found rclpy: 7.1.6 (/opt/ros/jazzy/share/rclpy/cmake)
-- Found tf2: 0.36.16 (/opt/ros/jazzy/share/tf2/cmake)
-- Found tf2_geometry_msgs: 0.36.16 (/opt/ros/jazzy/share/tf2_geometry_msgs/cmake)
-- Found eigen3_cmake_module: 0.3.0 (/opt/ros/jazzy/share/eigen3_cmake_module/cmake)
-- Found Eigen3: TRUE (found version "3.4.0") 
-- Ensuring Eigen3 include directory is part of orocos-kdl CMake target
-- Found rcdt_messages: 0.1.0 (/rcdt/rcdt_robotics/rcdt_core/install/rcdt_messages/share/rcdt_messages/cmake)
-- Found ament_lint_auto: 0.17.3 (/opt/ros/jazzy/share/ament_lint_auto/cmake)
-- Found ament_cmake_gtest: 2.5.4 (/opt/ros/jazzy/share/ament_cmake_gtest/cmake)
-- Found gtest sources under '/opt/ros/jazzy/src/gtest_vendor': C++ tests using 'Google Test' will be built
-- Performing Test CMAKE_HAVE_LIBC_PTHREAD
-- Performing Test CMAKE_HAVE_LIBC_PTHREAD - Success
-- Found Threads: TRUE  
-- Configuring done (0.8s)
-- Generating done (0.0s)
-- Build files have been written to: /rcdt/rcdt_robotics/rcdt_core/build/rcdt_utilities
[ 10%] [32mBuilding CXX object gtest/CMakeFiles/gtest_main.dir/src/gtest_main.cc.o[0m
[ 30%] [32mBuilding CXX object CMakeFiles/manipulate_pose.dir/src/manipulate_pose.cpp.o[0m
[ 30%] [32mBuilding CXX object gtest/CMakeFiles/gtest.dir/src/gtest-all.cc.o[0m
[ 40%] [32mBuilding CXX object CMakeFiles/manipulate_pose.dir/src/node.cpp.o[0m
[ 40%] Built target ament_cmake_python_symlink_rcdt_utilities
running egg_info
creating rcdt_utilities.egg-info
writing rcdt_utilities.egg-info/PKG-INFO
writing dependency_links to rcdt_utilities.egg-info/dependency_links.txt
writing top-level names to rcdt_utilities.egg-info/top_level.txt
writing manifest file 'rcdt_utilities.egg-info/SOURCES.txt'
reading manifest file 'rcdt_utilities.egg-info/SOURCES.txt'
writing manifest file 'rcdt_utilities.egg-info/SOURCES.txt'
[ 40%] Built target ament_cmake_python_build_rcdt_utilities_egg
[ 50%] [32m[1mLinking CXX static library libgtest_main.a[0m
[ 50%] Built target gtest_main
[ 60%] [32m[1mLinking CXX static library libgtest.a[0m
[ 60%] Built target gtest
[ 70%] [32mBuilding CXX object CMakeFiles/manipulate_pose_test.dir/tests/test_package.cpp.o[0m
[ 80%] [32mBuilding CXX object CMakeFiles/manipulate_pose_test.dir/src/manipulate_pose.cpp.o[0m
[ 90%] [32m[1mLinking CXX executable manipulate_pose[0m
[ 90%] Built target manipulate_pose
[100%] [32m[1mLinking CXX executable manipulate_pose_test[0m
[100%] Built target manipulate_pose_test
-- Install configuration: ""
-- Execute custom install script
-- Symlinking: /rcdt/rcdt_robotics/rcdt_core/install/rcdt_utilities/share/rcdt_utilities/environment/pythonpath.sh
-- Symlinking: /rcdt/rcdt_robotics/rcdt_core/install/rcdt_utilities/share/rcdt_utilities/environment/pythonpath.dsv
-- Symlinking: /rcdt/rcdt_robotics/rcdt_core/install/rcdt_utilities/lib/python3.12/site-packages/rcdt_utilities-0.1.0-py3.12.egg-info/PKG-INFO
-- Symlinking: /rcdt/rcdt_robotics/rcdt_core/install/rcdt_utilities/lib/python3.12/site-packages/rcdt_utilities-0.1.0-py3.12.egg-info/SOURCES.txt
-- Symlinking: /rcdt/rcdt_robotics/rcdt_core/install/rcdt_utilities/lib/python3.12/site-packages/rcdt_utilities-0.1.0-py3.12.egg-info/dependency_links.txt
-- Symlinking: /rcdt/rcdt_robotics/rcdt_core/install/rcdt_utilities/lib/python3.12/site-packages/rcdt_utilities-0.1.0-py3.12.egg-info/top_level.txt
-- Symlinking: /rcdt/rcdt_robotics/rcdt_core/install/rcdt_utilities/lib/python3.12/site-packages/rcdt_utilities/__init__.py
-- Symlinking: /rcdt/rcdt_robotics/rcdt_core/install/rcdt_utilities/lib/python3.12/site-packages/rcdt_utilities/cv_utils.py
-- Symlinking: /rcdt/rcdt_robotics/rcdt_core/install/rcdt_utilities/lib/python3.12/site-packages/rcdt_utilities/geometry.py
-- Symlinking: /rcdt/rcdt_robotics/rcdt_core/install/rcdt_utilities/lib/python3.12/site-packages/rcdt_utilities/launch_utils.py
-- Symlinking: /rcdt/rcdt_robotics/rcdt_core/install/rcdt_utilities/lib/python3.12/site-packages/rcdt_utilities/register.py
-- Symlinking: /rcdt/rcdt_robotics/rcdt_core/install/rcdt_utilities/lib/python3.12/site-packages/rcdt_utilities/test_utils.py
-- Symlinking: /rcdt/rcdt_robotics/rcdt_core/install/rcdt_utilities/lib/rcdt_utilities/simple_gui.py
-- Symlinking: /rcdt/rcdt_robotics/rcdt_core/install/rcdt_utilities/lib/rcdt_utilities/manipulate_pose
-- Symlinking: /rcdt/rcdt_robotics/rcdt_core/install/rcdt_utilities/share/rcdt_utilities/launch/rviz.launch.py
-- Symlinking: /rcdt/rcdt_robotics/rcdt_core/install/rcdt_utilities/share/rcdt_utilities/launch/utils.launch.py
-- Symlinking: /rcdt/rcdt_robotics/rcdt_core/install/rcdt_utilities/share/rcdt_utilities/rviz/default.rviz
-- Symlinking: /rcdt/rcdt_robotics/rcdt_core/install/rcdt_utilities/share/rcdt_utilities/urdf/detachable_joints.urdf.xacro
-- Symlinking: /rcdt/rcdt_robotics/rcdt_core/install/rcdt_utilities/lib/rcdt_utilities/manipulate_pose_test
-- Symlinking: /rcdt/rcdt_robotics/rcdt_core/install/rcdt_utilities/share/ament_index/resource_index/package_run_dependencies/rcdt_utilities
-- Symlinking: /rcdt/rcdt_robotics/rcdt_core/install/rcdt_utilities/share/ament_index/resource_index/parent_prefix_path/rcdt_utilities
-- Symlinking: /rcdt/rcdt_robotics/rcdt_core/install/rcdt_utilities/share/rcdt_utilities/environment/ament_prefix_path.sh
-- Symlinking: /rcdt/rcdt_robotics/rcdt_core/install/rcdt_utilities/share/rcdt_utilities/environment/ament_prefix_path.dsv
-- Symlinking: /rcdt/rcdt_robotics/rcdt_core/install/rcdt_utilities/share/rcdt_utilities/environment/path.sh
-- Symlinking: /rcdt/rcdt_robotics/rcdt_core/install/rcdt_utilities/share/rcdt_utilities/environment/path.dsv
-- Symlinking: /rcdt/rcdt_robotics/rcdt_core/install/rcdt_utilities/share/rcdt_utilities/local_setup.bash
-- Symlinking: /rcdt/rcdt_robotics/rcdt_core/install/rcdt_utilities/share/rcdt_utilities/local_setup.sh
-- Symlinking: /rcdt/rcdt_robotics/rcdt_core/install/rcdt_utilities/share/rcdt_utilities/local_setup.zsh
-- Symlinking: /rcdt/rcdt_robotics/rcdt_core/install/rcdt_utilities/share/rcdt_utilities/local_setup.dsv
-- Symlinking: /rcdt/rcdt_robotics/rcdt_core/install/rcdt_utilities/share/rcdt_utilities/package.dsv
-- Symlinking: /rcdt/rcdt_robotics/rcdt_core/install/rcdt_utilities/share/ament_index/resource_index/packages/rcdt_utilities
-- Symlinking: /rcdt/rcdt_robotics/rcdt_core/install/rcdt_utilities/share/rcdt_utilities/cmake/rcdt_utilitiesConfig.cmake
-- Symlinking: /rcdt/rcdt_robotics/rcdt_core/install/rcdt_utilities/share/rcdt_utilities/cmake/rcdt_utilitiesConfig-version.cmake
-- Symlinking: /rcdt/rcdt_robotics/rcdt_core/install/rcdt_utilities/share/rcdt_utilities/package.xml
Listing '/rcdt/rcdt_robotics/rcdt_core/install/rcdt_utilities/lib/python3.12/site-packages/rcdt_utilities'...
Compiling '/rcdt/rcdt_robotics/rcdt_core/install/rcdt_utilities/lib/python3.12/site-packages/rcdt_utilities/__init__.py'...
Compiling '/rcdt/rcdt_robotics/rcdt_core/install/rcdt_utilities/lib/python3.12/site-packages/rcdt_utilities/cv_utils.py'...
Compiling '/rcdt/rcdt_robotics/rcdt_core/install/rcdt_utilities/lib/python3.12/site-packages/rcdt_utilities/geometry.py'...
Compiling '/rcdt/rcdt_robotics/rcdt_core/install/rcdt_utilities/lib/python3.12/site-packages/rcdt_utilities/launch_utils.py'...
Compiling '/rcdt/rcdt_robotics/rcdt_core/install/rcdt_utilities/lib/python3.12/site-packages/rcdt_utilities/register.py'...
Compiling '/rcdt/rcdt_robotics/rcdt_core/install/rcdt_utilities/lib/python3.12/site-packages/rcdt_utilities/test_utils.py'...
