[0.006s] Invoking command in '/rcdt/rcdt_robotics/rcdt_core/build/rcdt_messages': CMAKE_PREFIX_PATH=${CMAKE_PREFIX_PATH}:/opt/ros/jazzy /usr/bin/cmake /rcdt/rcdt_robotics/rcdt_core/src/rcdt_messages -DAMENT_CMAKE_SYMLINK_INSTALL=1 -DCMAKE_INSTALL_PREFIX=/rcdt/rcdt_robotics/rcdt_core/install/rcdt_messages
[0.041s] -- The C compiler identification is GNU 13.3.0
[0.073s] -- The CXX compiler identification is GNU 13.3.0
[0.082s] -- Detecting C compiler ABI info
[0.128s] -- Detecting C compiler ABI info - done
[0.132s] -- Check for working C compiler: /usr/bin/cc - skipped
[0.133s] -- Detecting C compile features
[0.133s] -- Detecting C compile features - done
[0.137s] -- Detecting CXX compiler ABI info
[0.185s] -- Detecting CXX compiler ABI info - done
[0.190s] -- Check for working CXX compiler: /usr/bin/c++ - skipped
[0.190s] -- Detecting CXX compile features
[0.190s] -- Detecting CXX compile features - done
[0.192s] -- Found ament_cmake: 2.5.4 (/opt/ros/jazzy/share/ament_cmake/cmake)
[0.255s] -- Found Python3: /rcdt/rcdt_robotics/.venv/bin/python3 (found version "3.12.3") found components: Interpreter 
[0.293s] -- Override CMake install command with custom implementation using symlinks instead of copying resources
[0.312s] -- Found rosidl_default_generators: 1.6.0 (/opt/ros/jazzy/share/rosidl_default_generators/cmake)
[0.315s] -- Using all available rosidl_typesupport_c: rosidl_typesupport_fastrtps_c;rosidl_typesupport_introspection_c
[0.340s] -- Using all available rosidl_typesupport_cpp: rosidl_typesupport_fastrtps_cpp;rosidl_typesupport_introspection_cpp
[0.361s] -- Found rosidl_adapter: 4.6.6 (/opt/ros/jazzy/share/rosidl_adapter/cmake)
[0.363s] -- Found std_msgs: 5.3.6 (/opt/ros/jazzy/share/std_msgs/cmake)
[0.380s] -- Found geometry_msgs: 5.3.6 (/opt/ros/jazzy/share/geometry_msgs/cmake)
[0.390s] -- Found sensor_msgs: 5.3.6 (/opt/ros/jazzy/share/sensor_msgs/cmake)
[0.417s] [31mCMake Error at CMakeLists.txt:15 (find_package):
[0.417s]   By not providing "Findvision_msgs.cmake" in CMAKE_MODULE_PATH this project
[0.417s]   has asked CMake to find a package configuration file provided by
[0.417s]   "vision_msgs", but CMake did not find one.
[0.417s] 
[0.417s]   Could not find a package configuration file provided by "vision_msgs" with
[0.417s]   any of the following names:
[0.417s] 
[0.417s]     vision_msgsConfig.cmake
[0.417s]     vision_msgs-config.cmake
[0.417s] 
[0.417s]   Add the installation prefix of "vision_msgs" to CMAKE_PREFIX_PATH or set
[0.417s]   "vision_msgs_DIR" to a directory containing one of the above files.  If
[0.417s]   "vision_msgs" provides a separate development package or SDK, be sure it
[0.417s]   has been installed.
[0.417s] 
[0.417s] [0m
[0.417s] -- Configuring incomplete, errors occurred!
